#
# There is insufficient memory for the Java Runtime Environment to continue.
# Native memory allocation (mmap) failed to map 65536 bytes for Failed to commit metaspace.
# Possible reasons:
#   The system is out of physical RAM or swap space
#   The process is running with CompressedOops enabled, and the Java Heap may be blocking the growth of the native heap
# Possible solutions:
#   Reduce memory load on the system
#   Increase physical memory or swap space
#   Check if swap backing store is full
#   Decrease Java heap size (-Xmx/-Xms)
#   Decrease number of Java threads
#   Decrease Java thread stack sizes (-Xss)
#   Set larger code cache with -XX:ReservedCodeCacheSize=
#   JVM is running with Unscaled Compressed Oops mode in which the Java heap is
#     placed in the first 4GB address space. The Java Heap base address is the
#     maximum limit for the native heap growth. Please use -XX:HeapBaseMinAddress
#     to set the Java Heap base and to place the Java Heap above 4GB virtual address.
# This output file may be truncated or incomplete.
#
#  Out of Memory Error (virtualSpaceNode.cpp:108), pid=19096, tid=4820
#
# JRE version: Java(TM) SE Runtime Environment (16.0.1+9) (build 16.0.1+9-24)
# Java VM: Java HotSpot(TM) 64-Bit Server VM (16.0.1+9-24, mixed mode, sharing, tiered, compressed oops, compressed class ptrs, g1 gc, windows-amd64)
# No core dump will be written. Minidumps are not enabled by default on client versions of Windows
#

---------------  S U M M A R Y ------------

Command Line: -Dapplication.home=C:\Program Files\Java\jdk-16.0.1 --add-modules=ALL-DEFAULT -Xms8m -Djdk.module.main=jdk.compiler jdk.compiler/com.sun.tools.javac.Main -d C:\Users\Hewlett Packard\Documents\NetBeansProjects\Proyecto-2\build\classes -classpath C:\Users\Hewlett Packard\Documents\NetBeansProjects\Proyecto-2\build\classes -sourcepath C:\Users\Hewlett Packard\Documents\NetBeansProjects\Proyecto-2\src -target 16 -encoding UTF-8 -g -processorpath C:\Users\Hewlett Packard\Documents\NetBeansProjects\Proyecto-2\build\empty -s C:\Users\Hewlett Packard\Documents\NetBeansProjects\Proyecto-2\build\generated-sources\ap-source-output -source 16 C:\Users\Hewlett Packard\Documents\NetBeansProjects\Proyecto-2\src\FrmInicio.java

Host: Intel(R) Core(TM) i3-5010U CPU @ 2.10GHz, 4 cores, 7G,  Windows 10 , 64 bit Build 18362 (10.0.18362.959)
Time: Fri Jul 30 19:46:55 2021 Hora estándar, América Central elapsed time: 0.987133 seconds (0d 0h 0m 0s)

---------------  T H R E A D  ---------------

Current thread (0x0000024fdf64d4b0):  JavaThread "main" [_thread_in_vm, id=4820, stack(0x000000eab4100000,0x000000eab4200000)]

Stack: [0x000000eab4100000,0x000000eab4200000]
Native frames: (J=compiled Java code, j=interpreted, Vv=VM code, C=native code)
V  [jvm.dll+0x6687ca]
V  [jvm.dll+0x7ca3c9]
V  [jvm.dll+0x7cbb53]
V  [jvm.dll+0x7cc1b3]
V  [jvm.dll+0x242ea5]
V  [jvm.dll+0x7c6a4b]
V  [jvm.dll+0x60e436]
V  [jvm.dll+0x1be93e]
V  [jvm.dll+0x610b91]
V  [jvm.dll+0x60ed31]
V  [jvm.dll+0x6200a2]
V  [jvm.dll+0x619666]
V  [jvm.dll+0x37642a]
C  0x0000024fe6dccb5f

Java frames: (J=compiled Java code, j=interpreted, Vv=VM code)
j  com.sun.tools.javac.parser.JavacParser.parseSimpleStatement()Lcom/sun/tools/javac/tree/JCTree$JCStatement;+0 jdk.compiler@16.0.1
j  com.sun.tools.javac.parser.JavacParser.blockStatement()Lcom/sun/tools/javac/util/List;+245 jdk.compiler@16.0.1
j  com.sun.tools.javac.parser.JavacParser.blockStatements()Lcom/sun/tools/javac/util/List;+11 jdk.compiler@16.0.1
j  com.sun.tools.javac.parser.JavacParser.block(IJ)Lcom/sun/tools/javac/tree/JCTree$JCBlock;+8 jdk.compiler@16.0.1
j  com.sun.tools.javac.parser.JavacParser.block()Lcom/sun/tools/javac/tree/JCTree$JCBlock;+9 jdk.compiler@16.0.1
j  com.sun.tools.javac.parser.JavacParser.methodDeclaratorRest(ILcom/sun/tools/javac/tree/JCTree$JCModifiers;Lcom/sun/tools/javac/tree/JCTree$JCExpression;Lcom/sun/tools/javac/util/Name;Lcom/sun/tools/javac/util/List;ZZZLcom/sun/tools/javac/parser/Tokens$Comment;)Lcom/sun/tools/javac/tree/JCTree;+154 jdk.compiler@16.0.1
j  com.sun.tools.javac.parser.JavacParser.classOrInterfaceOrRecordBodyDeclaration(Lcom/sun/tools/javac/util/Name;ZZ)Lcom/sun/tools/javac/util/List;+733 jdk.compiler@16.0.1
j  com.sun.tools.javac.parser.JavacParser.classInterfaceOrRecordBody(Lcom/sun/tools/javac/util/Name;ZZ)Lcom/sun/tools/javac/util/List;+97 jdk.compiler@16.0.1
j  com.sun.tools.javac.parser.JavacParser.classDeclaration(Lcom/sun/tools/javac/tree/JCTree$JCModifiers;Lcom/sun/tools/javac/parser/Tokens$Comment;)Lcom/sun/tools/javac/tree/JCTree$JCClassDecl;+96 jdk.compiler@16.0.1
j  com.sun.tools.javac.parser.JavacParser.classOrRecordOrInterfaceOrEnumDeclaration(Lcom/sun/tools/javac/tree/JCTree$JCModifiers;Lcom/sun/tools/javac/parser/Tokens$Comment;)Lcom/sun/tools/javac/tree/JCTree$JCStatement;+16 jdk.compiler@16.0.1
j  com.sun.tools.javac.parser.JavacParser.typeDeclaration(Lcom/sun/tools/javac/tree/JCTree$JCModifiers;Lcom/sun/tools/javac/parser/Tokens$Comment;)Lcom/sun/tools/javac/tree/JCTree;+52 jdk.compiler@16.0.1
j  com.sun.tools.javac.parser.JavacParser.parseCompilationUnit()Lcom/sun/tools/javac/tree/JCTree$JCCompilationUnit;+463 jdk.compiler@16.0.1
j  com.sun.tools.javac.main.JavaCompiler.parse(Ljavax/tools/JavaFileObject;Ljava/lang/CharSequence;)Lcom/sun/tools/javac/tree/JCTree$JCCompilationUnit;+123 jdk.compiler@16.0.1
j  com.sun.tools.javac.main.JavaCompiler.parse(Ljavax/tools/JavaFileObject;)Lcom/sun/tools/javac/tree/JCTree$JCCompilationUnit;+16 jdk.compiler@16.0.1
j  com.sun.tools.javac.main.JavaCompiler.parseFiles(Ljava/lang/Iterable;Z)Lcom/sun/tools/javac/util/List;+91 jdk.compiler@16.0.1
j  com.sun.tools.javac.main.JavaCompiler.parseFiles(Ljava/lang/Iterable;)Lcom/sun/tools/javac/util/List;+3 jdk.compiler@16.0.1
j  com.sun.tools.javac.main.JavaCompiler.compile(Ljava/util/Collection;Ljava/util/Collection;Ljava/lang/Iterable;Ljava/util/Collection;)V+292 jdk.compiler@16.0.1
j  com.sun.tools.javac.main.Main.compile([Ljava/lang/String;Lcom/sun/tools/javac/util/Context;)Lcom/sun/tools/javac/main/Main$Result;+615 jdk.compiler@16.0.1
j  com.sun.tools.javac.main.Main.compile([Ljava/lang/String;)Lcom/sun/tools/javac/main/Main$Result;+15 jdk.compiler@16.0.1
j  com.sun.tools.javac.Main.compile([Ljava/lang/String;)I+12 jdk.compiler@16.0.1
j  com.sun.tools.javac.Main.main([Ljava/lang/String;)V+1 jdk.compiler@16.0.1
v  ~StubRoutines::call_stub

---------------  P R O C E S S  ---------------

Threads class SMR info:
_java_thread_list=0x0000024ffd83a650, length=12, elements={
0x0000024fdf64d4b0, 0x0000024ffccfd690, 0x0000024ffccfe460, 0x0000024ffcd12780,
0x0000024ffcd13290, 0x0000024ffcd15bb0, 0x0000024ffcd164c0, 0x0000024ffcd19110,
0x0000024ffcd1bb20, 0x0000024ffcd83ef0, 0x0000024ffce0e960, 0x0000024ffd869ca0
}

Java Threads: ( => current thread )
=>0x0000024fdf64d4b0 JavaThread "main" [_thread_in_vm, id=4820, stack(0x000000eab4100000,0x000000eab4200000)]
  0x0000024ffccfd690 JavaThread "Reference Handler" daemon [_thread_blocked, id=21012, stack(0x000000eab4900000,0x000000eab4a00000)]
  0x0000024ffccfe460 JavaThread "Finalizer" daemon [_thread_blocked, id=11840, stack(0x000000eab4a00000,0x000000eab4b00000)]
  0x0000024ffcd12780 JavaThread "Signal Dispatcher" daemon [_thread_blocked, id=14548, stack(0x000000eab4b00000,0x000000eab4c00000)]
  0x0000024ffcd13290 JavaThread "Attach Listener" daemon [_thread_blocked, id=14980, stack(0x000000eab4c00000,0x000000eab4d00000)]
  0x0000024ffcd15bb0 JavaThread "Service Thread" daemon [_thread_blocked, id=11988, stack(0x000000eab4d00000,0x000000eab4e00000)]
  0x0000024ffcd164c0 JavaThread "Monitor Deflation Thread" daemon [_thread_blocked, id=10372, stack(0x000000eab4e00000,0x000000eab4f00000)]
  0x0000024ffcd19110 JavaThread "C2 CompilerThread0" daemon [_thread_blocked, id=2948, stack(0x000000eab4f00000,0x000000eab5000000)]
  0x0000024ffcd1bb20 JavaThread "C1 CompilerThread0" daemon [_thread_blocked, id=19212, stack(0x000000eab5000000,0x000000eab5100000)]
  0x0000024ffcd83ef0 JavaThread "Sweeper thread" daemon [_thread_blocked, id=12172, stack(0x000000eab5100000,0x000000eab5200000)]
  0x0000024ffce0e960 JavaThread "Common-Cleaner" daemon [_thread_blocked, id=19720, stack(0x000000eab5200000,0x000000eab5300000)]
  0x0000024ffd869ca0 JavaThread "Notification Thread" daemon [_thread_blocked, id=2136, stack(0x000000eab5300000,0x000000eab5400000)]

Other Threads:
  0x0000024ffccf56d0 VMThread "VM Thread" [stack: 0x000000eab4800000,0x000000eab4900000] [id=1544]
  0x0000024ffd8b05f0 WatcherThread [stack: 0x000000eab5400000,0x000000eab5500000] [id=11192]
  0x0000024fdf68ccc0 GCTaskThread "GC Thread#0" [stack: 0x000000eab4300000,0x000000eab4400000] [id=20776]
  0x0000024ffdb70710 GCTaskThread "GC Thread#1" [stack: 0x000000eab5500000,0x000000eab5600000] [id=22180]
  0x0000024ffda1e5d0 GCTaskThread "GC Thread#2" [stack: 0x000000eab5600000,0x000000eab5700000] [id=4168]
  0x0000024ffdb70a20 GCTaskThread "GC Thread#3" [stack: 0x000000eab5700000,0x000000eab5800000] [id=3868]
  0x0000024fdf69d850 ConcurrentGCThread "G1 Main Marker" [stack: 0x000000eab4400000,0x000000eab4500000] [id=1924]
  0x0000024fdf69e1d0 ConcurrentGCThread "G1 Conc#0" [stack: 0x000000eab4500000,0x000000eab4600000] [id=8988]
  0x0000024fdf6b6680 ConcurrentGCThread "G1 Refine#0" [stack: 0x000000eab4600000,0x000000eab4700000] [id=19304]
  0x0000024fdf6b7010 ConcurrentGCThread "G1 Service" [stack: 0x000000eab4700000,0x000000eab4800000] [id=19916]

Threads with active compile tasks:

VM state: not at safepoint (normal execution)

VM Mutex/Monitor currently owned by a thread:  ([mutex/lock_event])
[0x0000024fdf648560] MetaspaceExpand_lock - owner thread: 0x0000024fdf64d4b0

Heap address: 0x0000000081e00000, size: 2018 MB, Compressed Oops mode: 32-bit

CDS archive(s) mapped at: [0x0000000800000000-0x0000000800bb0000-0x0000000800bb0000), size 12255232, SharedBaseAddress: 0x0000000800000000, ArchiveRelocationMode: 0.
Compressed class space mapped at: 0x0000000800c00000-0x0000000840c00000, reserved size: 1073741824
Narrow klass base: 0x0000000800000000, Narrow klass shift: 3, Narrow klass range: 0x100000000

GC Precious Log:
 CPUs: 4 total, 4 available
 Memory: 8067M
 Large Page Support: Disabled
 NUMA Support: Disabled
 Compressed Oops: Enabled (32-bit)
 Heap Region Size: 1M
 Heap Min Capacity: 8M
 Heap Initial Capacity: 8M
 Heap Max Capacity: 2018M
 Pre-touch: Disabled
 Parallel Workers: 4
 Concurrent Workers: 1
 Concurrent Refinement Workers: 4
 Periodic GC: Disabled

Heap:
 garbage-first heap   total 8192K, used 1997K [0x0000000081e00000, 0x0000000100000000)
  region size 1024K, 2 young (2048K), 1 survivors (1024K)
 Metaspace       used 7426K, committed 7552K, reserved 1064960K
  class space    used 855K, committed 896K, reserved 1048576K

Heap Regions: E=young(eden), S=young(survivor), O=old, HS=humongous(starts), HC=humongous(continues), CS=collection set, F=free, OA=open archive, CA=closed archive, TAMS=top-at-mark-start (previous, next)
|   0|0x0000000081e00000, 0x0000000081f00000, 0x0000000081f00000|100%| O|  |TAMS 0x0000000081e00000, 0x0000000081e00000| Untracked 
|   1|0x0000000081f00000, 0x0000000081f11800, 0x0000000082000000|  6%| O|  |TAMS 0x0000000081f00000, 0x0000000081f00000| Untracked 
|   2|0x0000000082000000, 0x0000000082000000, 0x0000000082100000|  0%| F|  |TAMS 0x0000000082000000, 0x0000000082000000| Untracked 
|   3|0x0000000082100000, 0x0000000082100000, 0x0000000082200000|  0%| F|  |TAMS 0x0000000082100000, 0x0000000082100000| Untracked 
|   4|0x0000000082200000, 0x0000000082200000, 0x0000000082300000|  0%| F|  |TAMS 0x0000000082200000, 0x0000000082200000| Untracked 
|   5|0x0000000082300000, 0x00000000823e1c88, 0x0000000082400000| 88%| S|CS|TAMS 0x0000000082300000, 0x0000000082300000| Complete 
|   6|0x0000000082400000, 0x0000000082400000, 0x0000000082500000|  0%| F|  |TAMS 0x0000000082400000, 0x0000000082400000| Untracked 
|   7|0x0000000082500000, 0x00000000825e0288, 0x0000000082600000| 87%| E|  |TAMS 0x0000000082500000, 0x0000000082500000| Complete 

Card table byte_map: [0x0000024ff61c0000,0x0000024ff65c0000] _byte_map_base: 0x0000024ff5db1000

Marking Bits (Prev, Next): (CMBitMap*) 0x0000024fdf68d240, (CMBitMap*) 0x0000024fdf68d280
 Prev Bits: [0x0000024ff69c0000, 0x0000024ff8948000)
 Next Bits: [0x0000024ff8950000, 0x0000024ffa8d8000)

Polling page: 0x0000024fdee20000

Metaspace:

Usage:
  Non-class:      6.42 MB used.
      Class:    855.55 KB used.
       Both:      7.25 MB used.

Virtual space:
  Non-class space:       16.00 MB reserved,       6.50 MB ( 41%) committed,  2 nodes.
      Class space:        1.00 GB reserved,     896.00 KB ( <1%) committed,  1 nodes.
              Both:        1.02 GB reserved,       7.38 MB ( <1%) committed. 

Chunk freelists:
   Non-Class:  2.80 MB
       Class:  3.00 MB
        Both:  5.80 MB

MaxMetaspaceSize: 17179869184.00 GB
CompressedClassSpaceSize: 1.00 GB
 - commit_granule_bytes: 65536.
 - commit_granule_words: 8192.
 - virtual_space_node_default_size: 1048576.
 - enlarge_chunks_in_place: 1.
 - new_chunks_are_fully_committed: 0.
 - uncommit_free_chunks: 1.
 - use_allocation_guard: 0.
 - handle_deallocations: 1.


Internal statistics:

num_allocs_failed_limit: 0.
num_arena_births: 52.
num_arena_deaths: 0.
num_vsnodes_births: 3.
num_vsnodes_deaths: 0.
num_space_committed: 118.
num_space_uncommitted: 0.
num_chunks_returned_to_freelist: 0.
num_chunks_taken_from_freelist: 307.
num_chunk_merges: 0.
num_chunk_splits: 219.
num_chunks_enlarged: 169.
num_purges: 0.

CodeHeap 'non-profiled nmethods': size=120000Kb used=197Kb max_used=197Kb free=119802Kb
 bounds [0x0000024fee890000, 0x0000024feeb00000, 0x0000024ff5dc0000]
CodeHeap 'profiled nmethods': size=120000Kb used=916Kb max_used=916Kb free=119083Kb
 bounds [0x0000024fe7360000, 0x0000024fe75d0000, 0x0000024fee890000]
CodeHeap 'non-nmethods': size=5760Kb used=1135Kb max_used=1149Kb free=4624Kb
 bounds [0x0000024fe6dc0000, 0x0000024fe7030000, 0x0000024fe7360000]
 total_blobs=1025 nmethods=610 adapters=328
 compilation: enabled
              stopped_count=0, restarted_count=0
 full_count=0

Compilation events (20 events):
Event: 0.977 Thread 0x0000024ffcd1bb20  600       3       com.sun.tools.javac.parser.UnicodeReader::nextCodePoint (104 bytes)
Event: 0.978 Thread 0x0000024ffcd1bb20 nmethod 600 0x0000024fe7440910 code [0x0000024fe7440b00, 0x0000024fe7441178]
Event: 0.978 Thread 0x0000024ffcd1bb20  603       3       com.sun.tools.javac.parser.UnicodeReader::nextCodeUnit (48 bytes)
Event: 0.978 Thread 0x0000024ffcd1bb20 nmethod 603 0x0000024fe7441310 code [0x0000024fe74414c0, 0x0000024fe7441698]
Event: 0.978 Thread 0x0000024ffcd1bb20  604       3       com.sun.tools.javac.parser.UnicodeReader::next (9 bytes)
Event: 0.978 Thread 0x0000024ffcd1bb20 nmethod 604 0x0000024fe7441790 code [0x0000024fe7441940, 0x0000024fe7441a88]
Event: 0.978 Thread 0x0000024ffcd1bb20  601       3       com.sun.tools.javac.parser.UnicodeReader::nextUnicodeInputCharacter (71 bytes)
Event: 0.978 Thread 0x0000024ffcd1bb20 nmethod 601 0x0000024fe7441b10 code [0x0000024fe7441cc0, 0x0000024fe7441f58]
Event: 0.978 Thread 0x0000024ffcd1bb20  605       3       com.sun.tools.javac.parser.UnicodeReader::is (14 bytes)
Event: 0.979 Thread 0x0000024ffcd1bb20 nmethod 605 0x0000024fe7442010 code [0x0000024fe74421a0, 0x0000024fe7442318]
Event: 0.979 Thread 0x0000024ffcd1bb20  606       3       com.sun.tools.javac.parser.JavaTokenizer::putThenNext (9 bytes)
Event: 0.980 Thread 0x0000024ffcd1bb20 nmethod 606 0x0000024fe7442390 code [0x0000024fe74425e0, 0x0000024fe7443288]
Event: 0.980 Thread 0x0000024ffcd1bb20  607       3       com.sun.tools.javac.parser.JavaTokenizer::put (27 bytes)
Event: 0.980 Thread 0x0000024ffcd1bb20 nmethod 607 0x0000024fe7443690 code [0x0000024fe74438e0, 0x0000024fe7444378]
Event: 0.980 Thread 0x0000024ffcd1bb20  608       3       com.sun.tools.javac.util.List::nil (4 bytes)
Event: 0.981 Thread 0x0000024ffcd1bb20 nmethod 608 0x0000024fe7444690 code [0x0000024fe7444820, 0x0000024fe7444918]
Event: 0.982 Thread 0x0000024ffcd1bb20  609       3       com.sun.tools.javac.parser.UnicodeReader::isAvailable (17 bytes)
Event: 0.982 Thread 0x0000024ffcd1bb20 nmethod 609 0x0000024fe7444990 code [0x0000024fe7444b20, 0x0000024fe7444c98]
Event: 0.983 Thread 0x0000024ffcd1bb20  610       3       java.util.ArrayList::isEmpty (13 bytes)
Event: 0.983 Thread 0x0000024ffcd1bb20 nmethod 610 0x0000024fe7444d10 code [0x0000024fe7444ea0, 0x0000024fe7445018]

GC Heap History (6 events):
Event: 0.655 GC heap before
{Heap before GC invocations=0 (full 0):
 garbage-first heap   total 8192K, used 3072K [0x0000000081e00000, 0x0000000100000000)
  region size 1024K, 3 young (3072K), 0 survivors (0K)
 Metaspace       used 2630K, committed 2880K, reserved 1056768K
  class space    used 327K, committed 448K, reserved 1048576K
}
Event: 0.660 GC heap after
{Heap after GC invocations=1 (full 0):
 garbage-first heap   total 8192K, used 1097K [0x0000000081e00000, 0x0000000100000000)
  region size 1024K, 1 young (1024K), 1 survivors (1024K)
 Metaspace       used 2630K, committed 2880K, reserved 1056768K
  class space    used 327K, committed 448K, reserved 1048576K
}
Event: 0.773 GC heap before
{Heap before GC invocations=1 (full 0):
 garbage-first heap   total 8192K, used 2121K [0x0000000081e00000, 0x0000000100000000)
  region size 1024K, 2 young (2048K), 1 survivors (1024K)
 Metaspace       used 4335K, committed 4480K, reserved 1056768K
  class space    used 535K, committed 640K, reserved 1048576K
}
Event: 0.776 GC heap after
{Heap after GC invocations=2 (full 0):
 garbage-first heap   total 8192K, used 1711K [0x0000000081e00000, 0x0000000100000000)
  region size 1024K, 1 young (1024K), 1 survivors (1024K)
 Metaspace       used 4335K, committed 4480K, reserved 1056768K
  class space    used 535K, committed 640K, reserved 1048576K
}
Event: 0.872 GC heap before
{Heap before GC invocations=2 (full 0):
 garbage-first heap   total 8192K, used 2735K [0x0000000081e00000, 0x0000000100000000)
  region size 1024K, 2 young (2048K), 1 survivors (1024K)
 Metaspace       used 5875K, committed 6080K, reserved 1064960K
  class space    used 690K, committed 768K, reserved 1048576K
}
Event: 0.874 GC heap after
{Heap after GC invocations=3 (full 0):
 garbage-first heap   total 8192K, used 1997K [0x0000000081e00000, 0x0000000100000000)
  region size 1024K, 1 young (1024K), 1 survivors (1024K)
 Metaspace       used 5875K, committed 6080K, reserved 1064960K
  class space    used 690K, committed 768K, reserved 1048576K
}

Deoptimization events (20 events):
Event: 0.546 Thread 0x0000024fdf64d4b0 Uncommon trap: trap_request=0xffffff45 fr.pc=0x0000024fee89c418 relative=0x0000000000000898
Event: 0.546 Thread 0x0000024fdf64d4b0 Uncommon trap: reason=unstable_if action=reinterpret pc=0x0000024fee89c418 method=java.util.HashMap.putVal(ILjava/lang/Object;Ljava/lang/Object;ZZ)Ljava/lang/Object; @ 181 c2
Event: 0.546 Thread 0x0000024fdf64d4b0 DEOPT PACKING pc=0x0000024fee89c418 sp=0x000000eab41fed30
Event: 0.546 Thread 0x0000024fdf64d4b0 DEOPT UNPACKING pc=0x0000024fe6e0d72e sp=0x000000eab41fece0 mode 2
Event: 0.648 Thread 0x0000024fdf64d4b0 DEOPT PACKING pc=0x0000024fe7395967 sp=0x000000eab41f90e0
Event: 0.648 Thread 0x0000024fdf64d4b0 DEOPT UNPACKING pc=0x0000024fe6e0dece sp=0x000000eab41f8500 mode 0
Event: 0.685 Thread 0x0000024fdf64d4b0 DEOPT PACKING pc=0x0000024fe738b6d1 sp=0x000000eab41fdea0
Event: 0.685 Thread 0x0000024fdf64d4b0 DEOPT UNPACKING pc=0x0000024fe6e0dece sp=0x000000eab41fd318 mode 0
Event: 0.896 Thread 0x0000024fdf64d4b0 Uncommon trap: trap_request=0xffffff45 fr.pc=0x0000024fee8b649c relative=0x000000000000017c
Event: 0.896 Thread 0x0000024fdf64d4b0 Uncommon trap: reason=unstable_if action=reinterpret pc=0x0000024fee8b649c method=java.lang.String.regionMatches(ILjava/lang/String;II)Z @ 115 c2
Event: 0.896 Thread 0x0000024fdf64d4b0 DEOPT PACKING pc=0x0000024fee8b649c sp=0x000000eab41fe090
Event: 0.896 Thread 0x0000024fdf64d4b0 DEOPT UNPACKING pc=0x0000024fe6e0d72e sp=0x000000eab41fe008 mode 2
Event: 0.901 Thread 0x0000024fdf64d4b0 Uncommon trap: trap_request=0xffffff45 fr.pc=0x0000024fee8a0184 relative=0x0000000000000064
Event: 0.901 Thread 0x0000024fdf64d4b0 Uncommon trap: reason=unstable_if action=reinterpret pc=0x0000024fee8a0184 method=java.nio.Buffer.hasRemaining()Z @ 8 c2
Event: 0.901 Thread 0x0000024fdf64d4b0 DEOPT PACKING pc=0x0000024fee8a0184 sp=0x000000eab41fe420
Event: 0.901 Thread 0x0000024fdf64d4b0 DEOPT UNPACKING pc=0x0000024fe6e0d72e sp=0x000000eab41fe3b8 mode 2
Event: 0.939 Thread 0x0000024fdf64d4b0 Uncommon trap: trap_request=0xffffff45 fr.pc=0x0000024fee8b4d58 relative=0x0000000000000418
Event: 0.939 Thread 0x0000024fdf64d4b0 Uncommon trap: reason=unstable_if action=reinterpret pc=0x0000024fee8b4d58 method=java.lang.StringLatin1.replace([BCC)Ljava/lang/String; @ 19 c2
Event: 0.939 Thread 0x0000024fdf64d4b0 DEOPT PACKING pc=0x0000024fee8b4d58 sp=0x000000eab41feca0
Event: 0.939 Thread 0x0000024fdf64d4b0 DEOPT UNPACKING pc=0x0000024fe6e0d72e sp=0x000000eab41fec20 mode 2

Classes unloaded (0 events):
No events

Classes redefined (0 events):
No events

Internal exceptions (17 events):
Event: 0.396 Thread 0x0000024fdf64d4b0 Exception <a 'java/lang/NoSuchMethodError'{0x0000000082491a88}: 'java.lang.Object java.lang.invoke.DirectMethodHandle$Holder.invokeStatic(java.lang.Object)'> (0x0000000082491a88) 
thrown [t:\workspace\open\src\hotspot\share\interpreter\linkResolver.cpp, line 790]
Event: 0.517 Thread 0x0000024fdf64d4b0 Exception <a 'java/lang/NoSuchMethodError'{0x00000000824ff7e0}: 'void java.lang.invoke.DirectMethodHandle$Holder.invokeSpecial(java.lang.Object, java.lang.Object, java.lang.Object)'> (0x00000000824ff7e0) 
thrown [t:\workspace\open\src\hotspot\share\interpreter\linkResolver.cpp, line 790]
Event: 0.592 Thread 0x0000024fdf64d4b0 Exception <a 'java/lang/NoSuchMethodError'{0x0000000082368fa8}: 'java.lang.Object java.lang.invoke.DirectMethodHandle$Holder.invokeVirtual(java.lang.Object, java.lang.Object, java.lang.Object)'> (0x0000000082368fa8) 
thrown [t:\workspace\open\src\hotspot\share\interpreter\linkResolver.cpp, line 790]
Event: 0.597 Thread 0x0000024fdf64d4b0 Exception <a 'java/lang/NoSuchMethodError'{0x00000000823748b0}: 'int java.lang.invoke.DirectMethodHandle$Holder.invokeInterface(java.lang.Object, java.lang.Object)'> (0x00000000823748b0) 
thrown [t:\workspace\open\src\hotspot\share\interpreter\linkResolver.cpp, line 790]
Event: 0.604 Thread 0x0000024fdf64d4b0 Exception <a 'sun/nio/fs/WindowsException'{0x000000008237e560}> (0x000000008237e560) 
thrown [t:\workspace\open\src\hotspot\share\prims\jni.cpp, line 579]
Event: 0.605 Thread 0x0000024fdf64d4b0 Exception <a 'sun/nio/fs/WindowsException'{0x000000008237edd8}> (0x000000008237edd8) 
thrown [t:\workspace\open\src\hotspot\share\prims\jni.cpp, line 579]
Event: 0.605 Thread 0x0000024fdf64d4b0 Exception <a 'sun/nio/fs/WindowsException'{0x000000008237fa80}> (0x000000008237fa80) 
thrown [t:\workspace\open\src\hotspot\share\prims\jni.cpp, line 579]
Event: 0.605 Thread 0x0000024fdf64d4b0 Exception <a 'sun/nio/fs/WindowsException'{0x000000008237fdb0}> (0x000000008237fdb0) 
thrown [t:\workspace\open\src\hotspot\share\prims\jni.cpp, line 579]
Event: 0.608 Thread 0x0000024fdf64d4b0 Exception <a 'java/lang/NoSuchMethodError'{0x00000000823851d8}: 'int java.lang.invoke.DirectMethodHandle$Holder.invokeVirtual(java.lang.Object, java.lang.Object, java.lang.Object)'> (0x00000000823851d8) 
thrown [t:\workspace\open\src\hotspot\share\interpreter\linkResolver.cpp, line 790]
Event: 0.610 Thread 0x0000024fdf64d4b0 Exception <a 'java/lang/NoSuchMethodError'{0x000000008238bcf0}: 'void java.lang.invoke.DirectMethodHandle$Holder.invokeInterface(java.lang.Object, java.lang.Object, java.lang.Object)'> (0x000000008238bcf0) 
thrown [t:\workspace\open\src\hotspot\share\interpreter\linkResolver.cpp, line 790]
Event: 0.748 Thread 0x0000024fdf64d4b0 Exception <a 'java/lang/NoSuchMethodError'{0x00000000825d9228}: 'int java.lang.invoke.DirectMethodHandle$Holder.invokeStaticInit(java.lang.Object, java.lang.Object)'> (0x00000000825d9228) 
thrown [t:\workspace\open\src\hotspot\share\interpreter\linkResolver.cpp, line 790]
Event: 0.850 Thread 0x0000024fdf64d4b0 Exception <a 'java/lang/NoSuchMethodError'{0x00000000825a39f8}: 'int java.lang.invoke.DirectMethodHandle$Holder.invokeVirtual(java.lang.Object, java.lang.Object)'> (0x00000000825a39f8) 
thrown [t:\workspace\open\src\hotspot\share\interpreter\linkResolver.cpp, line 790]
Event: 0.858 Thread 0x0000024fdf64d4b0 Exception <a 'java/lang/NoSuchMethodError'{0x00000000825cc8a0}: 'java.lang.Object java.lang.invoke.DirectMethodHandle$Holder.newInvokeSpecial(java.lang.Object, java.lang.Object, java.lang.Object, java.lang.Object, java.lang.Object)'> (0x00000000825cc8a0) 
thrown [t:\workspace\open\src\hotspot\share\interpreter\linkResolver.cpp, line 790]
Event: 0.861 Thread 0x0000024fdf64d4b0 Exception <a 'java/lang/NoSuchMethodError'{0x00000000825dc958}: 'java.lang.Object java.lang.invoke.DirectMethodHandle$Holder.newInvokeSpecial(java.lang.Object, java.lang.Object, java.lang.Object, java.lang.Object, java.lang.Object, java.lang.Object)'> (0x00000000825dc958) 
thrown [t:\workspace\open\src\hotspot\share\interpreter\linkResolver.cpp, line 790]
Event: 0.891 Thread 0x0000024fdf64d4b0 Exception <a 'sun/nio/fs/WindowsException'{0x0000000082533688}> (0x0000000082533688) 
thrown [t:\workspace\open\src\hotspot\share\prims\jni.cpp, line 579]
Event: 0.891 Thread 0x0000024fdf64d4b0 Exception <a 'sun/nio/fs/WindowsException'{0x00000000825338c8}> (0x00000000825338c8) 
thrown [t:\workspace\open\src\hotspot\share\prims\jni.cpp, line 579]
Event: 0.903 Thread 0x0000024fdf64d4b0 Exception <a 'java/lang/NoSuchMethodError'{0x0000000082549d48}: 'java.lang.Object java.lang.invoke.DirectMethodHandle$Holder.invokeStaticInit(java.lang.Object)'> (0x0000000082549d48) 
thrown [t:\workspace\open\src\hotspot\share\interpreter\linkResolver.cpp, line 790]

Events (20 events):
Event: 0.953 loading class sun/nio/fs/WindowsSecurityDescriptor
Event: 0.953 loading class sun/nio/fs/WindowsSecurityDescriptor done
Event: 0.954 loading class java/nio/channels/Channels
Event: 0.954 loading class java/nio/channels/Channels done
Event: 0.954 loading class sun/nio/ch/ChannelInputStream
Event: 0.954 loading class sun/nio/ch/ChannelInputStream done
Event: 0.954 loading class sun/nio/ch/NativeThread
Event: 0.954 loading class sun/nio/ch/NativeThread done
Event: 0.954 loading class sun/nio/ch/IOStatus
Event: 0.954 loading class sun/nio/ch/IOStatus done
Event: 0.955 loading class java/nio/channels/SelectableChannel
Event: 0.955 loading class java/nio/channels/SelectableChannel done
Event: 0.955 loading class sun/nio/ch/Util
Event: 0.957 loading class sun/nio/ch/Util done
Event: 0.957 loading class sun/nio/ch/Util$1
Event: 0.957 loading class sun/nio/ch/Util$1 done
Event: 0.957 loading class sun/nio/ch/Util$BufferCache
Event: 0.957 loading class sun/nio/ch/Util$BufferCache done
Event: 0.958 loading class java/nio/DirectByteBuffer$Deallocator
Event: 0.958 loading class java/nio/DirectByteBuffer$Deallocator done


Dynamic libraries:
0x00007ff74d860000 - 0x00007ff74d868000 	C:\Program Files\Java\jdk-16.0.1\bin\javac.exe
0x00007ffa35380000 - 0x00007ffa35570000 	C:\Windows\SYSTEM32\ntdll.dll
0x00007ffa34390000 - 0x00007ffa34442000 	C:\Windows\System32\KERNEL32.DLL
0x00007ffa32300000 - 0x00007ffa325a4000 	C:\Windows\System32\KERNELBASE.dll
0x00007ffa325b0000 - 0x00007ffa326aa000 	C:\Windows\System32\ucrtbase.dll
0x00007ffa2e590000 - 0x00007ffa2e5a8000 	C:\Program Files\Java\jdk-16.0.1\bin\jli.dll
0x00007ffa33be0000 - 0x00007ffa33c83000 	C:\Windows\System32\ADVAPI32.dll
0x00007ffa34c20000 - 0x00007ffa34cbe000 	C:\Windows\System32\msvcrt.dll
0x00007ffa33430000 - 0x00007ffa334c7000 	C:\Windows\System32\sechost.dll
0x00007ffa34450000 - 0x00007ffa34570000 	C:\Windows\System32\RPCRT4.dll
0x00007ffa348b0000 - 0x00007ffa34a44000 	C:\Windows\System32\USER32.dll
0x00007ffa32820000 - 0x00007ffa32841000 	C:\Windows\System32\win32u.dll
0x00007ffa351b0000 - 0x00007ffa351d6000 	C:\Windows\System32\GDI32.dll
0x00007ffa33180000 - 0x00007ffa33316000 	C:\Windows\System32\gdi32full.dll
0x00007ffa32780000 - 0x00007ffa3281e000 	C:\Windows\System32\msvcp_win.dll
0x00007ffa20740000 - 0x00007ffa20759000 	C:\Program Files\Java\jdk-16.0.1\bin\VCRUNTIME140.dll
0x00007ffa22f70000 - 0x00007ffa231f4000 	C:\Windows\WinSxS\amd64_microsoft.windows.common-controls_6595b64144ccf1df_6.0.18362.959_none_e6c7bbbf130c62bb\COMCTL32.dll
0x00007ffa34570000 - 0x00007ffa348a5000 	C:\Windows\System32\combase.dll
0x00007ffa326b0000 - 0x00007ffa32730000 	C:\Windows\System32\bcryptPrimitives.dll
0x00007ffa22890000 - 0x00007ffa2289a000 	C:\Windows\SYSTEM32\VERSION.dll
0x00007ffa33ec0000 - 0x00007ffa33eee000 	C:\Windows\System32\IMM32.DLL
0x00007ffa21130000 - 0x00007ffa2113c000 	C:\Program Files\Java\jdk-16.0.1\bin\vcruntime140_1.dll
0x00007ff9f3120000 - 0x00007ff9f31b1000 	C:\Program Files\Java\jdk-16.0.1\bin\msvcp140.dll
0x00007ff9c1c90000 - 0x00007ff9c283b000 	C:\Program Files\Java\jdk-16.0.1\bin\server\jvm.dll
0x00007ffa334e0000 - 0x00007ffa334e8000 	C:\Windows\System32\PSAPI.DLL
0x00007ffa21910000 - 0x00007ffa21919000 	C:\Windows\SYSTEM32\WSOCK32.dll
0x00007ffa34320000 - 0x00007ffa3438f000 	C:\Windows\System32\WS2_32.dll
0x00007ffa2fb40000 - 0x00007ffa2fb64000 	C:\Windows\SYSTEM32\WINMM.dll
0x00007ffa2fb10000 - 0x00007ffa2fb3d000 	C:\Windows\SYSTEM32\WINMMBASE.dll
0x00007ffa32730000 - 0x00007ffa3277a000 	C:\Windows\System32\cfgmgr32.dll
0x00007ffa32240000 - 0x00007ffa32251000 	C:\Windows\System32\kernel.appcore.dll
0x00007ffa20710000 - 0x00007ffa2071a000 	C:\Program Files\Java\jdk-16.0.1\bin\jimage.dll
0x00007ffa307b0000 - 0x00007ffa309a4000 	C:\Windows\SYSTEM32\DBGHELP.DLL
0x00007ffa1cc70000 - 0x00007ffa1cc9a000 	C:\Windows\SYSTEM32\dbgcore.DLL
0x00007ffa1c560000 - 0x00007ffa1c585000 	C:\Program Files\Java\jdk-16.0.1\bin\java.dll
0x00007ffa334f0000 - 0x00007ffa33bd6000 	C:\Windows\System32\SHELL32.dll
0x00007ffa33d40000 - 0x00007ffa33de9000 	C:\Windows\System32\shcore.dll
0x00007ffa32850000 - 0x00007ffa32fd2000 	C:\Windows\System32\windows.storage.dll
0x00007ffa322b0000 - 0x00007ffa322d3000 	C:\Windows\System32\profapi.dll
0x00007ffa32260000 - 0x00007ffa322aa000 	C:\Windows\System32\powrprof.dll
0x00007ffa32230000 - 0x00007ffa32240000 	C:\Windows\System32\UMPDC.dll
0x00007ffa341f0000 - 0x00007ffa34242000 	C:\Windows\System32\shlwapi.dll
0x00007ffa33160000 - 0x00007ffa33177000 	C:\Windows\System32\cryptsp.dll
0x00007ffa1eb70000 - 0x00007ffa1eb89000 	C:\Program Files\Java\jdk-16.0.1\bin\net.dll
0x00007ffa23db0000 - 0x00007ffa23ea0000 	C:\Windows\SYSTEM32\WINHTTP.dll
0x00007ffa31a40000 - 0x00007ffa31aa7000 	C:\Windows\system32\mswsock.dll
0x00007ffa1c480000 - 0x00007ffa1c493000 	C:\Program Files\Java\jdk-16.0.1\bin\nio.dll

dbghelp: loaded successfully - version: 4.0.5 - missing functions: none
symbol engine: initialized successfully - sym options: 0x614 - pdb path: .;C:\Program Files\Java\jdk-16.0.1\bin;C:\Windows\SYSTEM32;C:\Windows\WinSxS\amd64_microsoft.windows.common-controls_6595b64144ccf1df_6.0.18362.959_none_e6c7bbbf130c62bb;C:\Program Files\Java\jdk-16.0.1\bin\server

VM Arguments:
jvm_args: -Dapplication.home=C:\Program Files\Java\jdk-16.0.1 --add-modules=ALL-DEFAULT -Xms8m -Djdk.module.main=jdk.compiler 
java_command: jdk.compiler/com.sun.tools.javac.Main -d C:\Users\Hewlett Packard\Documents\NetBeansProjects\Proyecto-2\build\classes -classpath C:\Users\Hewlett Packard\Documents\NetBeansProjects\Proyecto-2\build\classes -sourcepath C:\Users\Hewlett Packard\Documents\NetBeansProjects\Proyecto-2\src -target 16 -encoding UTF-8 -g -processorpath C:\Users\Hewlett Packard\Documents\NetBeansProjects\Proyecto-2\build\empty -s C:\Users\Hewlett Packard\Documents\NetBeansProjects\Proyecto-2\build\generated-sources\ap-source-output -source 16 C:\Users\Hewlett Packard\Documents\NetBeansProjects\Proyecto-2\src\FrmInicio.java
java_class_path (initial): <not set>
Launcher Type: SUN_STANDARD

[Global flags]
     intx CICompilerCount                          = 3                                         {product} {ergonomic}
     uint ConcGCThreads                            = 1                                         {product} {ergonomic}
     uint G1ConcRefinementThreads                  = 4                                         {product} {ergonomic}
   size_t G1HeapRegionSize                         = 1048576                                   {product} {ergonomic}
    uintx GCDrainStackTargetSize                   = 64                                        {product} {ergonomic}
   size_t InitialHeapSize                          = 8388608                                   {product} {command line}
   size_t MarkStackSize                            = 4194304                                   {product} {ergonomic}
   size_t MaxHeapSize                              = 2116026368                                {product} {ergonomic}
   size_t MaxNewSize                               = 1268776960                                {product} {ergonomic}
   size_t MinHeapDeltaBytes                        = 1048576                                   {product} {ergonomic}
   size_t MinHeapSize                              = 8388608                                   {product} {command line}
    uintx NonNMethodCodeHeapSize                   = 5832780                                {pd product} {ergonomic}
    uintx NonProfiledCodeHeapSize                  = 122912730                              {pd product} {ergonomic}
    uintx ProfiledCodeHeapSize                     = 122912730                              {pd product} {ergonomic}
    uintx ReservedCodeCacheSize                    = 251658240                              {pd product} {ergonomic}
     bool SegmentedCodeCache                       = true                                      {product} {ergonomic}
   size_t SoftMaxHeapSize                          = 2116026368                             {manageable} {ergonomic}
     bool UseCompressedClassPointers               = true                           {product lp64_product} {ergonomic}
     bool UseCompressedOops                        = true                           {product lp64_product} {ergonomic}
     bool UseG1GC                                  = true                                      {product} {ergonomic}
     bool UseLargePagesIndividualAllocation        = false                                  {pd product} {ergonomic}

Logging:
Log output configuration:
 #0: stdout all=warning uptime,level,tags
 #1: stderr all=off uptime,level,tags

Environment Variables:
PATH=C:\Program Files\Common Files\Oracle\Java\javapath;C:\Windows\system32;C:\Windows;C:\Windows\System32\Wbem;C:\Windows\System32\WindowsPowerShell\v1.0\;C:\Windows\System32\OpenSSH\;C:\Go\bin;C:\Users\Hewlett Packard\AppData\Local\Microsoft\WindowsApps;;C:\Program Files\JetBrains\GoLand 2020.3.2\bin;;C:\Users\Hewlett Packard\go\bin
USERNAME=Hewlett Packard
OS=Windows_NT
PROCESSOR_IDENTIFIER=Intel64 Family 6 Model 61 Stepping 4, GenuineIntel



---------------  S Y S T E M  ---------------

OS:
 Windows 10 , 64 bit Build 18362 (10.0.18362.959)
OS uptime: 30 days 4:11 hours

CPU: total 4 (initial active 4) (2 cores per cpu, 2 threads per core) family 6 model 61 stepping 4 microcode 0x2d, cx8, cmov, fxsr, ht, mmx, 3dnowpref, sse, sse2, sse3, ssse3, sse4.1, sse4.2, popcnt, lzcnt, tsc, tscinvbit, avx, avx2, aes, erms, clmul, bmi1, bmi2, adx, fma, vzeroupper, clflush

Memory: 4k page, system-wide physical 8067M (1324M free)
TotalPageFile size 16259M (AvailPageFile size 5M)
current process WorkingSet (physical memory assigned to process): 53M, peak: 53M
current process commit charge ("private bytes"): 88M, peak: 88M

vm_info: Java HotSpot(TM) 64-Bit Server VM (16.0.1+9-24) for windows-amd64 JRE (16.0.1+9-24), built on Mar 26 2021 19:31:42 by "mach5one" with MS VC++ 16.7 (VS2019)

END.
