#
# There is insufficient memory for the Java Runtime Environment to continue.
# Native memory allocation (mmap) failed to map 65536 bytes for Failed to commit metaspace.
# Possible reasons:
#   The system is out of physical RAM or swap space
#   The process is running with CompressedOops enabled, and the Java Heap may be blocking the growth of the native heap
# Possible solutions:
#   Reduce memory load on the system
#   Increase physical memory or swap space
#   Check if swap backing store is full
#   Decrease Java heap size (-Xmx/-Xms)
#   Decrease number of Java threads
#   Decrease Java thread stack sizes (-Xss)
#   Set larger code cache with -XX:ReservedCodeCacheSize=
#   JVM is running with Unscaled Compressed Oops mode in which the Java heap is
#     placed in the first 4GB address space. The Java Heap base address is the
#     maximum limit for the native heap growth. Please use -XX:HeapBaseMinAddress
#     to set the Java Heap base and to place the Java Heap above 4GB virtual address.
# This output file may be truncated or incomplete.
#
#  Out of Memory Error (virtualSpaceNode.cpp:108), pid=12844, tid=21824
#
# JRE version: Java(TM) SE Runtime Environment (16.0.1+9) (build 16.0.1+9-24)
# Java VM: Java HotSpot(TM) 64-Bit Server VM (16.0.1+9-24, mixed mode, sharing, tiered, compressed oops, compressed class ptrs, g1 gc, windows-amd64)
# No core dump will be written. Minidumps are not enabled by default on client versions of Windows
#

---------------  S U M M A R Y ------------

Command Line: -Dapplication.home=C:\Program Files\Java\jdk-16.0.1 --add-modules=ALL-DEFAULT -Xms8m -Djdk.module.main=jdk.compiler jdk.compiler/com.sun.tools.javac.Main -d C:\Users\Hewlett Packard\Documents\NetBeansProjects\Proyecto-2\build\classes -classpath C:\Users\Hewlett Packard\Documents\NetBeansProjects\Proyecto-2\build\classes -sourcepath C:\Users\Hewlett Packard\Documents\NetBeansProjects\Proyecto-2\src -target 16 -encoding UTF-8 -g -processorpath C:\Users\Hewlett Packard\Documents\NetBeansProjects\Proyecto-2\build\empty -s C:\Users\Hewlett Packard\Documents\NetBeansProjects\Proyecto-2\build\generated-sources\ap-source-output -source 16 C:\Users\Hewlett Packard\Documents\NetBeansProjects\Proyecto-2\src\FrmInicio.java

Host: Intel(R) Core(TM) i3-5010U CPU @ 2.10GHz, 4 cores, 7G,  Windows 10 , 64 bit Build 18362 (10.0.18362.959)
Time: Fri Jul 30 19:47:01 2021 Hora estándar, América Central elapsed time: 0.250583 seconds (0d 0h 0m 0s)

---------------  T H R E A D  ---------------

Current thread (0x0000018fa76605d0):  JavaThread "main" [_thread_in_vm, id=21824, stack(0x0000000c4df00000,0x0000000c4e000000)]

Stack: [0x0000000c4df00000,0x0000000c4e000000]
Native frames: (J=compiled Java code, j=interpreted, Vv=VM code, C=native code)
V  [jvm.dll+0x6687ca]
V  [jvm.dll+0x7ca3c9]
V  [jvm.dll+0x7cbb53]
V  [jvm.dll+0x7cc1b3]
V  [jvm.dll+0x242ea5]
V  [jvm.dll+0x7c6a4b]
V  [jvm.dll+0x60e436]
V  [jvm.dll+0x1be93e]
V  [jvm.dll+0x610b91]
V  [jvm.dll+0x60ed31]
V  [jvm.dll+0x238690]
V  [jvm.dll+0x1ea53f]
V  [jvm.dll+0x1df8a1]
V  [jvm.dll+0x536728]
V  [jvm.dll+0x743011]
V  [jvm.dll+0x40775f]
V  [jvm.dll+0x40da82]
C  [java.dll+0x194d]

Java frames: (J=compiled Java code, j=interpreted, Vv=VM code)
j  java.lang.ClassLoader.defineClass2(Ljava/lang/ClassLoader;Ljava/lang/String;Ljava/nio/ByteBuffer;IILjava/security/ProtectionDomain;Ljava/lang/String;)Ljava/lang/Class;+0 java.base@16.0.1
j  java.lang.ClassLoader.defineClass(Ljava/lang/String;Ljava/nio/ByteBuffer;Ljava/security/ProtectionDomain;)Ljava/lang/Class;+93 java.base@16.0.1
j  java.security.SecureClassLoader.defineClass(Ljava/lang/String;Ljava/nio/ByteBuffer;Ljava/security/CodeSource;)Ljava/lang/Class;+8 java.base@16.0.1
j  jdk.internal.loader.BuiltinClassLoader.defineClass(Ljava/lang/String;Ljdk/internal/loader/BuiltinClassLoader$LoadedModule;)Ljava/lang/Class;+127 java.base@16.0.1
J 319 c1 jdk.internal.loader.BuiltinClassLoader.loadClassOrNull(Ljava/lang/String;Z)Ljava/lang/Class; java.base@16.0.1 (143 bytes) @ 0x0000018faf3cfd54 [0x0000018faf3cf740+0x0000000000000614]
J 319 c1 jdk.internal.loader.BuiltinClassLoader.loadClassOrNull(Ljava/lang/String;Z)Ljava/lang/Class; java.base@16.0.1 (143 bytes) @ 0x0000018faf3d0224 [0x0000018faf3cf740+0x0000000000000ae4]
J 332 c1 jdk.internal.loader.BuiltinClassLoader.loadClass(Ljava/lang/String;Z)Ljava/lang/Class; java.base@16.0.1 (22 bytes) @ 0x0000018faf3d55cc [0x0000018faf3d54c0+0x000000000000010c]
j  jdk.internal.loader.ClassLoaders$AppClassLoader.loadClass(Ljava/lang/String;Z)Ljava/lang/Class;+36 java.base@16.0.1
J 331 c1 java.lang.ClassLoader.loadClass(Ljava/lang/String;)Ljava/lang/Class; java.base@16.0.1 (7 bytes) @ 0x0000018faf3d51cc [0x0000018faf3d50c0+0x000000000000010c]
v  ~StubRoutines::call_stub
j  java.lang.Class.getDeclaredMethods0(Z)[Ljava/lang/reflect/Method;+0 java.base@16.0.1
j  java.lang.Class.privateGetDeclaredMethods(Z)[Ljava/lang/reflect/Method;+34 java.base@16.0.1
j  java.lang.Class.getDeclaredPublicMethods(Ljava/lang/String;[Ljava/lang/Class;)Ljava/util/List;+2 java.base@16.0.1
j  java.lang.System$2.getDeclaredPublicMethods(Ljava/lang/Class;Ljava/lang/String;[Ljava/lang/Class;)Ljava/util/List;+3 java.base@16.0.1
j  java.util.ServiceLoader.findStaticProviderMethod(Ljava/lang/Class;)Ljava/lang/reflect/Method;+12 java.base@16.0.1
j  java.util.ServiceLoader.loadProvider(Ljdk/internal/module/ServicesCatalog$ServiceProvider;)Ljava/util/ServiceLoader$Provider;+241 java.base@16.0.1
j  java.util.ServiceLoader$ModuleServicesLookupIterator.hasNext()Z+79 java.base@16.0.1
j  java.util.ServiceLoader$2.hasNext()Z+4 java.base@16.0.1
j  java.util.ServiceLoader$ProviderSpliterator.tryAdvance(Ljava/util/function/Consumer;)Z+77 java.base@16.0.1
j  java.util.stream.ReferencePipeline.forEachWithCancel(Ljava/util/Spliterator;Ljava/util/stream/Sink;)Z+13 java.base@16.0.1
j  java.util.stream.AbstractPipeline.copyIntoWithCancel(Ljava/util/stream/Sink;Ljava/util/Spliterator;)Z+32 java.base@16.0.1
j  java.util.stream.AbstractPipeline.copyInto(Ljava/util/stream/Sink;Ljava/util/Spliterator;)V+49 java.base@16.0.1
j  java.util.stream.AbstractPipeline.wrapAndCopyInto(Ljava/util/stream/Sink;Ljava/util/Spliterator;)Ljava/util/stream/Sink;+13 java.base@16.0.1
j  java.util.stream.FindOps$FindOp.evaluateSequential(Ljava/util/stream/PipelineHelper;Ljava/util/Spliterator;)Ljava/lang/Object;+14 java.base@16.0.1
j  java.util.stream.AbstractPipeline.evaluate(Ljava/util/stream/TerminalOp;)Ljava/lang/Object;+88 java.base@16.0.1
j  java.util.stream.ReferencePipeline.findFirst()Ljava/util/Optional;+5 java.base@16.0.1
j  com.sun.tools.doclint.DocLint.newDocLint()Lcom/sun/tools/doclint/DocLint;+27 jdk.compiler@16.0.1
j  com.sun.tools.javac.main.Option$3.matches(Ljava/lang/String;)Z+0 jdk.compiler@16.0.1
j  com.sun.tools.javac.main.Option.lookup(Ljava/lang/String;Ljava/util/Set;)Lcom/sun/tools/javac/main/Option;+28 jdk.compiler@16.0.1
j  com.sun.tools.javac.main.Arguments.doProcessArgs(Ljava/lang/Iterable;Ljava/util/Set;Lcom/sun/tools/javac/main/OptionHelper;ZZ)Z+81 jdk.compiler@16.0.1
j  com.sun.tools.javac.main.Arguments.processArgs(Ljava/lang/Iterable;Ljava/util/Set;Lcom/sun/tools/javac/main/OptionHelper;ZZ)Z+8 jdk.compiler@16.0.1
j  com.sun.tools.javac.main.Arguments.init(Ljava/lang/String;Ljava/lang/Iterable;)V+61 jdk.compiler@16.0.1
j  com.sun.tools.javac.main.Main.compile([Ljava/lang/String;Lcom/sun/tools/javac/util/Context;)Lcom/sun/tools/javac/main/Main$Result;+179 jdk.compiler@16.0.1
j  com.sun.tools.javac.main.Main.compile([Ljava/lang/String;)Lcom/sun/tools/javac/main/Main$Result;+15 jdk.compiler@16.0.1
j  com.sun.tools.javac.Main.compile([Ljava/lang/String;)I+12 jdk.compiler@16.0.1
j  com.sun.tools.javac.Main.main([Ljava/lang/String;)V+1 jdk.compiler@16.0.1
v  ~StubRoutines::call_stub

---------------  P R O C E S S  ---------------

Threads class SMR info:
_java_thread_list=0x0000018fc58cbd00, length=13, elements={
0x0000018fa76605d0, 0x0000018fc4d14d30, 0x0000018fc4d15f10, 0x0000018fc4d22f60,
0x0000018fc4d23870, 0x0000018fc4d26190, 0x0000018fc4d2eab0, 0x0000018fc4d34cb0,
0x0000018fc4d38a20, 0x0000018fc4d45770, 0x0000018fc5836a30, 0x0000018fc58944b0,
0x0000018fc58b5330
}

Java Threads: ( => current thread )
=>0x0000018fa76605d0 JavaThread "main" [_thread_in_vm, id=21824, stack(0x0000000c4df00000,0x0000000c4e000000)]
  0x0000018fc4d14d30 JavaThread "Reference Handler" daemon [_thread_blocked, id=22212, stack(0x0000000c4e600000,0x0000000c4e700000)]
  0x0000018fc4d15f10 JavaThread "Finalizer" daemon [_thread_blocked, id=14180, stack(0x0000000c4e700000,0x0000000c4e800000)]
  0x0000018fc4d22f60 JavaThread "Signal Dispatcher" daemon [_thread_blocked, id=12600, stack(0x0000000c4e800000,0x0000000c4e900000)]
  0x0000018fc4d23870 JavaThread "Attach Listener" daemon [_thread_blocked, id=244, stack(0x0000000c4e900000,0x0000000c4ea00000)]
  0x0000018fc4d26190 JavaThread "Service Thread" daemon [_thread_blocked, id=10968, stack(0x0000000c4ea00000,0x0000000c4eb00000)]
  0x0000018fc4d2eab0 JavaThread "Monitor Deflation Thread" daemon [_thread_blocked, id=5600, stack(0x0000000c4eb00000,0x0000000c4ec00000)]
  0x0000018fc4d34cb0 JavaThread "C2 CompilerThread0" daemon [_thread_blocked, id=11244, stack(0x0000000c4ec00000,0x0000000c4ed00000)]
  0x0000018fc4d38a20 JavaThread "C1 CompilerThread0" daemon [_thread_blocked, id=16604, stack(0x0000000c4ed00000,0x0000000c4ee00000)]
  0x0000018fc4d45770 JavaThread "Sweeper thread" daemon [_thread_blocked, id=7972, stack(0x0000000c4ee00000,0x0000000c4ef00000)]
  0x0000018fc5836a30 JavaThread "Common-Cleaner" daemon [_thread_blocked, id=21516, stack(0x0000000c4ef00000,0x0000000c4f000000)]
  0x0000018fc58944b0 JavaThread "Notification Thread" daemon [_thread_blocked, id=11952, stack(0x0000000c4f000000,0x0000000c4f100000)]
  0x0000018fc58b5330 JavaThread "C2 CompilerThread1" daemon [_thread_blocked, id=18964, stack(0x0000000c4f200000,0x0000000c4f300000)]

Other Threads:
  0x0000018fc4d0f150 VMThread "VM Thread" [stack: 0x0000000c4e500000,0x0000000c4e600000] [id=14584]
  0x0000018fc58b29c0 WatcherThread [stack: 0x0000000c4f100000,0x0000000c4f200000] [id=11048]
  0x0000018fa769eed0 GCTaskThread "GC Thread#0" [stack: 0x0000000c4e000000,0x0000000c4e100000] [id=20596]
  0x0000018fa76afa60 ConcurrentGCThread "G1 Main Marker" [stack: 0x0000000c4e100000,0x0000000c4e200000] [id=17932]
  0x0000018fa76b0b00 ConcurrentGCThread "G1 Conc#0" [stack: 0x0000000c4e200000,0x0000000c4e300000] [id=13240]
  0x0000018fa76ce090 ConcurrentGCThread "G1 Refine#0" [stack: 0x0000000c4e300000,0x0000000c4e400000] [id=9384]
  0x0000018fa76ce9a0 ConcurrentGCThread "G1 Service" [stack: 0x0000000c4e400000,0x0000000c4e500000] [id=3112]

Threads with active compile tasks:

VM state: not at safepoint (normal execution)

VM Mutex/Monitor currently owned by a thread:  ([mutex/lock_event])
[0x0000018fa765b680] MetaspaceExpand_lock - owner thread: 0x0000018fa76605d0

Heap address: 0x0000000081e00000, size: 2018 MB, Compressed Oops mode: 32-bit

CDS archive(s) mapped at: [0x0000000800000000-0x0000000800bb0000-0x0000000800bb0000), size 12255232, SharedBaseAddress: 0x0000000800000000, ArchiveRelocationMode: 0.
Compressed class space mapped at: 0x0000000800c00000-0x0000000840c00000, reserved size: 1073741824
Narrow klass base: 0x0000000800000000, Narrow klass shift: 3, Narrow klass range: 0x100000000

GC Precious Log:
 CPUs: 4 total, 4 available
 Memory: 8067M
 Large Page Support: Disabled
 NUMA Support: Disabled
 Compressed Oops: Enabled (32-bit)
 Heap Region Size: 1M
 Heap Min Capacity: 8M
 Heap Initial Capacity: 8M
 Heap Max Capacity: 2018M
 Pre-touch: Disabled
 Parallel Workers: 4
 Concurrent Workers: 1
 Concurrent Refinement Workers: 4
 Periodic GC: Disabled

Heap:
 garbage-first heap   total 8192K, used 2048K [0x0000000081e00000, 0x0000000100000000)
  region size 1024K, 3 young (3072K), 0 survivors (0K)
 Metaspace       used 1648K, committed 1792K, reserved 1056768K
  class space    used 181K, committed 256K, reserved 1048576K

Heap Regions: E=young(eden), S=young(survivor), O=old, HS=humongous(starts), HC=humongous(continues), CS=collection set, F=free, OA=open archive, CA=closed archive, TAMS=top-at-mark-start (previous, next)
|   0|0x0000000081e00000, 0x0000000081e00000, 0x0000000081f00000|  0%| F|  |TAMS 0x0000000081e00000, 0x0000000081e00000| Untracked 
|   1|0x0000000081f00000, 0x0000000081f00000, 0x0000000082000000|  0%| F|  |TAMS 0x0000000081f00000, 0x0000000081f00000| Untracked 
|   2|0x0000000082000000, 0x0000000082000000, 0x0000000082100000|  0%| F|  |TAMS 0x0000000082000000, 0x0000000082000000| Untracked 
|   3|0x0000000082100000, 0x0000000082100000, 0x0000000082200000|  0%| F|  |TAMS 0x0000000082100000, 0x0000000082100000| Untracked 
|   4|0x0000000082200000, 0x0000000082200000, 0x0000000082300000|  0%| F|  |TAMS 0x0000000082200000, 0x0000000082200000| Untracked 
|   5|0x0000000082300000, 0x000000008232e9f0, 0x0000000082400000| 18%| E|  |TAMS 0x0000000082300000, 0x0000000082300000| Complete 
|   6|0x0000000082400000, 0x0000000082500000, 0x0000000082500000|100%| E|CS|TAMS 0x0000000082400000, 0x0000000082400000| Complete 
|   7|0x0000000082500000, 0x0000000082600000, 0x0000000082600000|100%| E|CS|TAMS 0x0000000082500000, 0x0000000082500000| Complete 

Card table byte_map: [0x0000018fbe1d0000,0x0000018fbe5d0000] _byte_map_base: 0x0000018fbddc1000

Marking Bits (Prev, Next): (CMBitMap*) 0x0000018fa769f3d0, (CMBitMap*) 0x0000018fa769f410
 Prev Bits: [0x0000018fbe9d0000, 0x0000018fc0958000)
 Next Bits: [0x0000018fc0960000, 0x0000018fc28e8000)

Polling page: 0x0000018fa5530000

Metaspace:

Usage:
  Non-class:      1.43 MB used.
      Class:    181.84 KB used.
       Both:      1.61 MB used.

Virtual space:
  Non-class space:        8.00 MB reserved,       1.50 MB ( 19%) committed,  1 nodes.
      Class space:        1.00 GB reserved,     256.00 KB ( <1%) committed,  1 nodes.
              Both:        1.01 GB reserved,       1.75 MB ( <1%) committed. 

Chunk freelists:
   Non-Class:  3.11 MB
       Class:  3.61 MB
        Both:  6.72 MB

MaxMetaspaceSize: 17179869184.00 GB
CompressedClassSpaceSize: 1.00 GB
 - commit_granule_bytes: 65536.
 - commit_granule_words: 8192.
 - virtual_space_node_default_size: 1048576.
 - enlarge_chunks_in_place: 1.
 - new_chunks_are_fully_committed: 0.
 - uncommit_free_chunks: 1.
 - use_allocation_guard: 0.
 - handle_deallocations: 1.


Internal statistics:

num_allocs_failed_limit: 0.
num_arena_births: 12.
num_arena_deaths: 0.
num_vsnodes_births: 2.
num_vsnodes_deaths: 0.
num_space_committed: 28.
num_space_uncommitted: 0.
num_chunks_returned_to_freelist: 0.
num_chunks_taken_from_freelist: 68.
num_chunk_merges: 0.
num_chunk_splits: 42.
num_chunks_enlarged: 28.
num_purges: 0.

CodeHeap 'non-profiled nmethods': size=120000Kb used=94Kb max_used=94Kb free=119905Kb
 bounds [0x0000018fb68a0000, 0x0000018fb6b10000, 0x0000018fbddd0000]
CodeHeap 'profiled nmethods': size=120000Kb used=426Kb max_used=426Kb free=119573Kb
 bounds [0x0000018faf370000, 0x0000018faf5e0000, 0x0000018fb68a0000]
CodeHeap 'non-nmethods': size=5760Kb used=1100Kb max_used=1113Kb free=4659Kb
 bounds [0x0000018faedd0000, 0x0000018faf040000, 0x0000018faf370000]
 total_blobs=710 nmethods=342 adapters=281
 compilation: enabled
              stopped_count=0, restarted_count=0
 full_count=0

Compilation events (20 events):
Event: 0.236 Thread 0x0000018fc4d38a20 nmethod 330 0x0000018faf3d4110 code [0x0000018faf3d42c0, 0x0000018faf3d44b8]
Event: 0.236 Thread 0x0000018fc4d38a20  327       3       java.lang.CharacterDataLatin1::toUpperCase (53 bytes)
Event: 0.236 Thread 0x0000018fc4d38a20 nmethod 327 0x0000018faf3d4590 code [0x0000018faf3d4740, 0x0000018faf3d49d8]
Event: 0.236 Thread 0x0000018fc4d38a20  328       3       java.util.TreeMap::parentOf (13 bytes)
Event: 0.237 Thread 0x0000018fc4d38a20 nmethod 328 0x0000018faf3d4b10 code [0x0000018faf3d4cc0, 0x0000018faf3d4e38]
Event: 0.237 Thread 0x0000018fc4d38a20  331       3       java.lang.ClassLoader::loadClass (7 bytes)
Event: 0.238 Thread 0x0000018fc4d38a20 nmethod 331 0x0000018faf3d4f10 code [0x0000018faf3d50c0, 0x0000018faf3d5288]
Event: 0.238 Thread 0x0000018fc4d38a20  332       3       jdk.internal.loader.BuiltinClassLoader::loadClass (22 bytes)
Event: 0.238 Thread 0x0000018fc4d38a20 nmethod 332 0x0000018faf3d5310 code [0x0000018faf3d54c0, 0x0000018faf3d5778]
Event: 0.242 Thread 0x0000018fc4d38a20  333       1       java.lang.Module::getDescriptor (5 bytes)
Event: 0.242 Thread 0x0000018fc4d38a20 nmethod 333 0x0000018fb68b6d10 code [0x0000018fb68b6ea0, 0x0000018fb68b6f78]
Event: 0.242 Thread 0x0000018fc4d38a20  334       3       jdk.internal.org.objectweb.asm.SymbolTable::addConstantUtf8 (98 bytes)
Event: 0.243 Thread 0x0000018fc4d38a20 nmethod 334 0x0000018faf3d5890 code [0x0000018faf3d5ac0, 0x0000018faf3d60b8]
Event: 0.243 Thread 0x0000018fc4d38a20  335       3       jdk.internal.org.objectweb.asm.ClassReader::readUnsignedShort (26 bytes)
Event: 0.243 Thread 0x0000018fc4d38a20 nmethod 335 0x0000018faf3d6410 code [0x0000018faf3d65c0, 0x0000018faf3d6738]
Event: 0.245 Thread 0x0000018fc4d38a20  337       3       java.lang.Class::getPackageName (81 bytes)
Event: 0.246 Thread 0x0000018fc4d38a20 nmethod 337 0x0000018faf3d6810 code [0x0000018faf3d6aa0, 0x0000018faf3d7548]
Event: 0.246 Thread 0x0000018fc4d38a20  338       3       java.util.ArrayList::add (25 bytes)
Event: 0.247 Thread 0x0000018fc4d38a20 nmethod 338 0x0000018faf3d7910 code [0x0000018faf3d7ae0, 0x0000018faf3d7f28]
Event: 0.247 Thread 0x0000018fc4d38a20  339       3       java.util.ArrayList::add (23 bytes)

GC Heap History (0 events):
No events

Deoptimization events (0 events):
No events

Classes unloaded (0 events):
No events

Classes redefined (0 events):
No events

Internal exceptions (2 events):
Event: 0.177 Thread 0x0000018fa76605d0 Exception <a 'java/lang/NoSuchMethodError'{0x0000000082491a70}: 'java.lang.Object java.lang.invoke.DirectMethodHandle$Holder.invokeStatic(java.lang.Object)'> (0x0000000082491a70) 
thrown [t:\workspace\open\src\hotspot\share\interpreter\linkResolver.cpp, line 790]
Event: 0.230 Thread 0x0000018fa76605d0 Exception <a 'java/lang/NoSuchMethodError'{0x00000000824ff7c8}: 'void java.lang.invoke.DirectMethodHandle$Holder.invokeSpecial(java.lang.Object, java.lang.Object, java.lang.Object)'> (0x00000000824ff7c8) 
thrown [t:\workspace\open\src\hotspot\share\interpreter\linkResolver.cpp, line 790]

Events (20 events):
Event: 0.233 loading class java/io/BufferedReader
Event: 0.233 loading class java/io/BufferedReader done
Event: 0.233 loading class java/lang/ProcessEnvironment
Event: 0.233 loading class java/lang/ProcessEnvironment done
Event: 0.234 Executing  VM operation: HandshakeAllThreads
Event: 0.234 Executing  VM operation: HandshakeAllThreads done
Event: 0.234 loading class java/lang/ProcessEnvironment$NameComparator
Event: 0.234 loading class java/lang/ProcessEnvironment$NameComparator done
Event: 0.234 loading class java/lang/ProcessEnvironment$EntryComparator
Event: 0.234 loading class java/lang/ProcessEnvironment$EntryComparator done
Event: 0.234 loading class java/lang/ProcessEnvironment$CheckedEntrySet
Event: 0.234 loading class java/lang/ProcessEnvironment$CheckedEntrySet done
Event: 0.234 loading class java/lang/ProcessEnvironment$CheckedEntrySet$1
Event: 0.234 loading class java/lang/ProcessEnvironment$CheckedEntrySet$1 done
Event: 0.234 loading class java/lang/ProcessEnvironment$CheckedEntry
Event: 0.234 loading class java/lang/ProcessEnvironment$CheckedEntry done
Event: 0.239 loading class java/util/JumboEnumSet$EnumSetIterator
Event: 0.239 loading class java/util/JumboEnumSet$EnumSetIterator done
Event: 0.242 loading class java/util/ServiceLoader$ProviderSpliterator
Event: 0.242 loading class java/util/ServiceLoader$ProviderSpliterator done


Dynamic libraries:
0x00007ff74d860000 - 0x00007ff74d868000 	C:\Program Files\Java\jdk-16.0.1\bin\javac.exe
0x00007ffa35380000 - 0x00007ffa35570000 	C:\Windows\SYSTEM32\ntdll.dll
0x00007ffa34390000 - 0x00007ffa34442000 	C:\Windows\System32\KERNEL32.DLL
0x00007ffa32300000 - 0x00007ffa325a4000 	C:\Windows\System32\KERNELBASE.dll
0x00007ffa325b0000 - 0x00007ffa326aa000 	C:\Windows\System32\ucrtbase.dll
0x00007ffa2e590000 - 0x00007ffa2e5a8000 	C:\Program Files\Java\jdk-16.0.1\bin\jli.dll
0x00007ffa20740000 - 0x00007ffa20759000 	C:\Program Files\Java\jdk-16.0.1\bin\VCRUNTIME140.dll
0x00007ffa33be0000 - 0x00007ffa33c83000 	C:\Windows\System32\ADVAPI32.dll
0x00007ffa34c20000 - 0x00007ffa34cbe000 	C:\Windows\System32\msvcrt.dll
0x00007ffa33430000 - 0x00007ffa334c7000 	C:\Windows\System32\sechost.dll
0x00007ffa34450000 - 0x00007ffa34570000 	C:\Windows\System32\RPCRT4.dll
0x00007ffa348b0000 - 0x00007ffa34a44000 	C:\Windows\System32\USER32.dll
0x00007ffa32820000 - 0x00007ffa32841000 	C:\Windows\System32\win32u.dll
0x00007ffa351b0000 - 0x00007ffa351d6000 	C:\Windows\System32\GDI32.dll
0x00007ffa33180000 - 0x00007ffa33316000 	C:\Windows\System32\gdi32full.dll
0x00007ffa32780000 - 0x00007ffa3281e000 	C:\Windows\System32\msvcp_win.dll
0x00007ffa22f70000 - 0x00007ffa231f4000 	C:\Windows\WinSxS\amd64_microsoft.windows.common-controls_6595b64144ccf1df_6.0.18362.959_none_e6c7bbbf130c62bb\COMCTL32.dll
0x00007ffa34570000 - 0x00007ffa348a5000 	C:\Windows\System32\combase.dll
0x00007ffa326b0000 - 0x00007ffa32730000 	C:\Windows\System32\bcryptPrimitives.dll
0x00007ffa22890000 - 0x00007ffa2289a000 	C:\Windows\SYSTEM32\VERSION.dll
0x00007ffa33ec0000 - 0x00007ffa33eee000 	C:\Windows\System32\IMM32.DLL
0x00007ffa21130000 - 0x00007ffa2113c000 	C:\Program Files\Java\jdk-16.0.1\bin\vcruntime140_1.dll
0x00007ff9f3120000 - 0x00007ff9f31b1000 	C:\Program Files\Java\jdk-16.0.1\bin\msvcp140.dll
0x00007ff9c1c90000 - 0x00007ff9c283b000 	C:\Program Files\Java\jdk-16.0.1\bin\server\jvm.dll
0x00007ffa334e0000 - 0x00007ffa334e8000 	C:\Windows\System32\PSAPI.DLL
0x00007ffa21910000 - 0x00007ffa21919000 	C:\Windows\SYSTEM32\WSOCK32.dll
0x00007ffa2fb40000 - 0x00007ffa2fb64000 	C:\Windows\SYSTEM32\WINMM.dll
0x00007ffa34320000 - 0x00007ffa3438f000 	C:\Windows\System32\WS2_32.dll
0x00007ffa2fb10000 - 0x00007ffa2fb3d000 	C:\Windows\SYSTEM32\winmmbase.dll
0x00007ffa32730000 - 0x00007ffa3277a000 	C:\Windows\System32\cfgmgr32.dll
0x00007ffa32240000 - 0x00007ffa32251000 	C:\Windows\System32\kernel.appcore.dll
0x00007ffa20710000 - 0x00007ffa2071a000 	C:\Program Files\Java\jdk-16.0.1\bin\jimage.dll
0x00007ffa307b0000 - 0x00007ffa309a4000 	C:\Windows\SYSTEM32\DBGHELP.DLL
0x00007ffa1cc70000 - 0x00007ffa1cc9a000 	C:\Windows\SYSTEM32\dbgcore.DLL
0x00007ffa1c560000 - 0x00007ffa1c585000 	C:\Program Files\Java\jdk-16.0.1\bin\java.dll
0x00007ffa334f0000 - 0x00007ffa33bd6000 	C:\Windows\System32\SHELL32.dll
0x00007ffa33d40000 - 0x00007ffa33de9000 	C:\Windows\System32\shcore.dll
0x00007ffa32850000 - 0x00007ffa32fd2000 	C:\Windows\System32\windows.storage.dll
0x00007ffa322b0000 - 0x00007ffa322d3000 	C:\Windows\System32\profapi.dll
0x00007ffa32260000 - 0x00007ffa322aa000 	C:\Windows\System32\powrprof.dll
0x00007ffa32230000 - 0x00007ffa32240000 	C:\Windows\System32\UMPDC.dll
0x00007ffa341f0000 - 0x00007ffa34242000 	C:\Windows\System32\shlwapi.dll
0x00007ffa33160000 - 0x00007ffa33177000 	C:\Windows\System32\cryptsp.dll

dbghelp: loaded successfully - version: 4.0.5 - missing functions: none
symbol engine: initialized successfully - sym options: 0x614 - pdb path: .;C:\Program Files\Java\jdk-16.0.1\bin;C:\Windows\SYSTEM32;C:\Windows\WinSxS\amd64_microsoft.windows.common-controls_6595b64144ccf1df_6.0.18362.959_none_e6c7bbbf130c62bb;C:\Program Files\Java\jdk-16.0.1\bin\server

VM Arguments:
jvm_args: -Dapplication.home=C:\Program Files\Java\jdk-16.0.1 --add-modules=ALL-DEFAULT -Xms8m -Djdk.module.main=jdk.compiler 
java_command: jdk.compiler/com.sun.tools.javac.Main -d C:\Users\Hewlett Packard\Documents\NetBeansProjects\Proyecto-2\build\classes -classpath C:\Users\Hewlett Packard\Documents\NetBeansProjects\Proyecto-2\build\classes -sourcepath C:\Users\Hewlett Packard\Documents\NetBeansProjects\Proyecto-2\src -target 16 -encoding UTF-8 -g -processorpath C:\Users\Hewlett Packard\Documents\NetBeansProjects\Proyecto-2\build\empty -s C:\Users\Hewlett Packard\Documents\NetBeansProjects\Proyecto-2\build\generated-sources\ap-source-output -source 16 C:\Users\Hewlett Packard\Documents\NetBeansProjects\Proyecto-2\src\FrmInicio.java
java_class_path (initial): <not set>
Launcher Type: SUN_STANDARD

[Global flags]
     intx CICompilerCount                          = 3                                         {product} {ergonomic}
     uint ConcGCThreads                            = 1                                         {product} {ergonomic}
     uint G1ConcRefinementThreads                  = 4                                         {product} {ergonomic}
   size_t G1HeapRegionSize                         = 1048576                                   {product} {ergonomic}
    uintx GCDrainStackTargetSize                   = 64                                        {product} {ergonomic}
   size_t InitialHeapSize                          = 8388608                                   {product} {command line}
   size_t MarkStackSize                            = 4194304                                   {product} {ergonomic}
   size_t MaxHeapSize                              = 2116026368                                {product} {ergonomic}
   size_t MaxNewSize                               = 1268776960                                {product} {ergonomic}
   size_t MinHeapDeltaBytes                        = 1048576                                   {product} {ergonomic}
   size_t MinHeapSize                              = 8388608                                   {product} {command line}
    uintx NonNMethodCodeHeapSize                   = 5832780                                {pd product} {ergonomic}
    uintx NonProfiledCodeHeapSize                  = 122912730                              {pd product} {ergonomic}
    uintx ProfiledCodeHeapSize                     = 122912730                              {pd product} {ergonomic}
    uintx ReservedCodeCacheSize                    = 251658240                              {pd product} {ergonomic}
     bool SegmentedCodeCache                       = true                                      {product} {ergonomic}
   size_t SoftMaxHeapSize                          = 2116026368                             {manageable} {ergonomic}
     bool UseCompressedClassPointers               = true                           {product lp64_product} {ergonomic}
     bool UseCompressedOops                        = true                           {product lp64_product} {ergonomic}
     bool UseG1GC                                  = true                                      {product} {ergonomic}
     bool UseLargePagesIndividualAllocation        = false                                  {pd product} {ergonomic}

Logging:
Log output configuration:
 #0: stdout all=warning uptime,level,tags
 #1: stderr all=off uptime,level,tags

Environment Variables:
PATH=C:\Program Files\Common Files\Oracle\Java\javapath;C:\Windows\system32;C:\Windows;C:\Windows\System32\Wbem;C:\Windows\System32\WindowsPowerShell\v1.0\;C:\Windows\System32\OpenSSH\;C:\Go\bin;C:\Users\Hewlett Packard\AppData\Local\Microsoft\WindowsApps;;C:\Program Files\JetBrains\GoLand 2020.3.2\bin;;C:\Users\Hewlett Packard\go\bin
USERNAME=Hewlett Packard
OS=Windows_NT
PROCESSOR_IDENTIFIER=Intel64 Family 6 Model 61 Stepping 4, GenuineIntel



---------------  S Y S T E M  ---------------

OS:
 Windows 10 , 64 bit Build 18362 (10.0.18362.959)
OS uptime: 30 days 4:11 hours

CPU: total 4 (initial active 4) (2 cores per cpu, 2 threads per core) family 6 model 61 stepping 4 microcode 0x2d, cx8, cmov, fxsr, ht, mmx, 3dnowpref, sse, sse2, sse3, ssse3, sse4.1, sse4.2, popcnt, lzcnt, tsc, tscinvbit, avx, avx2, aes, erms, clmul, bmi1, bmi2, adx, fma, vzeroupper, clflush

Memory: 4k page, system-wide physical 8067M (1324M free)
TotalPageFile size 16259M (AvailPageFile size 5M)
current process WorkingSet (physical memory assigned to process): 35M, peak: 35M
current process commit charge ("private bytes"): 79M, peak: 79M

vm_info: Java HotSpot(TM) 64-Bit Server VM (16.0.1+9-24) for windows-amd64 JRE (16.0.1+9-24), built on Mar 26 2021 19:31:42 by "mach5one" with MS VC++ 16.7 (VS2019)

END.
