#
# There is insufficient memory for the Java Runtime Environment to continue.
# Native memory allocation (malloc) failed to allocate 777696 bytes for Chunk::new
# Possible reasons:
#   The system is out of physical RAM or swap space
#   The process is running with CompressedOops enabled, and the Java Heap may be blocking the growth of the native heap
# Possible solutions:
#   Reduce memory load on the system
#   Increase physical memory or swap space
#   Check if swap backing store is full
#   Decrease Java heap size (-Xmx/-Xms)
#   Decrease number of Java threads
#   Decrease Java thread stack sizes (-Xss)
#   Set larger code cache with -XX:ReservedCodeCacheSize=
#   JVM is running with Unscaled Compressed Oops mode in which the Java heap is
#     placed in the first 4GB address space. The Java Heap base address is the
#     maximum limit for the native heap growth. Please use -XX:HeapBaseMinAddress
#     to set the Java Heap base and to place the Java Heap above 4GB virtual address.
# This output file may be truncated or incomplete.
#
#  Out of Memory Error (arena.cpp:195), pid=2536, tid=12528
#
# JRE version: Java(TM) SE Runtime Environment (16.0.1+9) (build 16.0.1+9-24)
# Java VM: Java HotSpot(TM) 64-Bit Server VM (16.0.1+9-24, mixed mode, sharing, tiered, compressed oops, compressed class ptrs, g1 gc, windows-amd64)
# No core dump will be written. Minidumps are not enabled by default on client versions of Windows
#

---------------  S U M M A R Y ------------

Command Line: -Dapplication.home=C:\Program Files\Java\jdk-16.0.1 --add-modules=ALL-DEFAULT -Xms8m -Djdk.module.main=jdk.compiler jdk.compiler/com.sun.tools.javac.Main -d C:\Users\Hewlett Packard\Documents\NetBeansProjects\Proyecto-2\build\classes -classpath C:\Users\Hewlett Packard\Documents\NetBeansProjects\Proyecto-2\build\classes -sourcepath C:\Users\Hewlett Packard\Documents\NetBeansProjects\Proyecto-2\src -target 16 -encoding UTF-8 -g -processorpath C:\Users\Hewlett Packard\Documents\NetBeansProjects\Proyecto-2\build\empty -s C:\Users\Hewlett Packard\Documents\NetBeansProjects\Proyecto-2\build\generated-sources\ap-source-output -source 16 C:\Users\Hewlett Packard\Documents\NetBeansProjects\Proyecto-2\src\FrmInicio.java

Host: Intel(R) Core(TM) i3-5010U CPU @ 2.10GHz, 4 cores, 7G,  Windows 10 , 64 bit Build 18362 (10.0.18362.959)
Time: Fri Jul 30 19:58:14 2021 Hora estándar, América Central elapsed time: 2.169717 seconds (0d 0h 0m 2s)

---------------  T H R E A D  ---------------

Current thread (0x00000170f4bea430):  JavaThread "C2 CompilerThread0" daemon [_thread_in_native, id=12528, stack(0x00000003b6500000,0x00000003b6600000)]


Current CompileTask:
C2:   2169 1377       4       com.sun.tools.javac.jvm.PoolReader::resolve (344 bytes)

Stack: [0x00000003b6500000,0x00000003b6600000]
Native frames: (J=compiled Java code, j=interpreted, Vv=VM code, C=native code)
V  [jvm.dll+0x6687ca]
V  [jvm.dll+0x7ca3c9]
V  [jvm.dll+0x7cbb53]
V  [jvm.dll+0x7cc1b3]
V  [jvm.dll+0x242ea5]
V  [jvm.dll+0xadeca]
V  [jvm.dll+0xae5ac]
V  [jvm.dll+0x2a52cf]
V  [jvm.dll+0x574359]
V  [jvm.dll+0x21e6de]
V  [jvm.dll+0x2176c6]
V  [jvm.dll+0x21524c]
V  [jvm.dll+0x1a1d9b]
V  [jvm.dll+0x2253a8]
V  [jvm.dll+0x2233ec]
V  [jvm.dll+0x780002]
V  [jvm.dll+0x779b4a]
V  [jvm.dll+0x667666]
C  [ucrtbase.dll+0x20e82]
C  [KERNEL32.DLL+0x17bd4]
C  [ntdll.dll+0x6ce51]


---------------  P R O C E S S  ---------------

Threads class SMR info:
_java_thread_list=0x00000170f5c83fd0, length=13, elements={
0x00000170d751d960, 0x00000170f4bcd9b0, 0x00000170f4bce780, 0x00000170f4be2bb0,
0x00000170f4be35c0, 0x00000170f4be6680, 0x00000170f4be8fa0, 0x00000170f4bea430,
0x00000170f4bf0ae0, 0x00000170f4bf3be0, 0x00000170f5810d30, 0x00000170f58b7910,
0x00000170f5f11760
}

Java Threads: ( => current thread )
  0x00000170d751d960 JavaThread "main" [_thread_in_vm, id=16204, stack(0x00000003b5800000,0x00000003b5900000)]
  0x00000170f4bcd9b0 JavaThread "Reference Handler" daemon [_thread_blocked, id=3000, stack(0x00000003b5f00000,0x00000003b6000000)]
  0x00000170f4bce780 JavaThread "Finalizer" daemon [_thread_blocked, id=18692, stack(0x00000003b6000000,0x00000003b6100000)]
  0x00000170f4be2bb0 JavaThread "Signal Dispatcher" daemon [_thread_blocked, id=13220, stack(0x00000003b6100000,0x00000003b6200000)]
  0x00000170f4be35c0 JavaThread "Attach Listener" daemon [_thread_blocked, id=5600, stack(0x00000003b6200000,0x00000003b6300000)]
  0x00000170f4be6680 JavaThread "Service Thread" daemon [_thread_blocked, id=13028, stack(0x00000003b6300000,0x00000003b6400000)]
  0x00000170f4be8fa0 JavaThread "Monitor Deflation Thread" daemon [_thread_blocked, id=16480, stack(0x00000003b6400000,0x00000003b6500000)]
=>0x00000170f4bea430 JavaThread "C2 CompilerThread0" daemon [_thread_in_native, id=12528, stack(0x00000003b6500000,0x00000003b6600000)]
  0x00000170f4bf0ae0 JavaThread "C1 CompilerThread0" daemon [_thread_in_vm, id=8264, stack(0x00000003b6600000,0x00000003b6700000)]
  0x00000170f4bf3be0 JavaThread "Sweeper thread" daemon [_thread_blocked, id=8652, stack(0x00000003b6700000,0x00000003b6800000)]
  0x00000170f5810d30 JavaThread "Common-Cleaner" daemon [_thread_blocked, id=11292, stack(0x00000003b6800000,0x00000003b6900000)]
  0x00000170f58b7910 JavaThread "Notification Thread" daemon [_thread_blocked, id=6180, stack(0x00000003b6900000,0x00000003b6a00000)]
  0x00000170f5f11760 JavaThread "C2 CompilerThread1" daemon [_thread_in_native, id=15276, stack(0x00000003b6e00000,0x00000003b6f00000)]

Other Threads:
  0x00000170f4bc81a0 VMThread "VM Thread" [stack: 0x00000003b5e00000,0x00000003b5f00000] [id=1964]
  0x00000170f5860310 WatcherThread [stack: 0x00000003b6a00000,0x00000003b6b00000] [id=17816]
  0x00000170d755cfc0 GCTaskThread "GC Thread#0" [stack: 0x00000003b5900000,0x00000003b5a00000] [id=2280]
  0x00000170f59d7130 GCTaskThread "GC Thread#1" [stack: 0x00000003b6b00000,0x00000003b6c00000] [id=5376]
  0x00000170f59d9e10 GCTaskThread "GC Thread#2" [stack: 0x00000003b6c00000,0x00000003b6d00000] [id=15176]
  0x00000170f5b5bf80 GCTaskThread "GC Thread#3" [stack: 0x00000003b6d00000,0x00000003b6e00000] [id=2704]
  0x00000170d756db50 ConcurrentGCThread "G1 Main Marker" [stack: 0x00000003b5a00000,0x00000003b5b00000] [id=13812]
  0x00000170d756e4d0 ConcurrentGCThread "G1 Conc#0" [stack: 0x00000003b5b00000,0x00000003b5c00000] [id=10628]
  0x00000170d7586980 ConcurrentGCThread "G1 Refine#0" [stack: 0x00000003b5c00000,0x00000003b5d00000] [id=15372]
  0x00000170d7587310 ConcurrentGCThread "G1 Service" [stack: 0x00000003b5d00000,0x00000003b5e00000] [id=12172]

Threads with active compile tasks:
C2 CompilerThread0     2211 1377       4       com.sun.tools.javac.jvm.PoolReader::resolve (344 bytes)
C1 CompilerThread0     2211 1471       3       com.sun.tools.javac.code.Types::capture (556 bytes)
C2 CompilerThread1     2211 1382       4       com.sun.tools.javac.jvm.ClassReader::sigToType (893 bytes)

VM state: not at safepoint (normal execution)

VM Mutex/Monitor currently owned by a thread: None

Heap address: 0x0000000081e00000, size: 2018 MB, Compressed Oops mode: 32-bit

CDS archive(s) mapped at: [0x0000000800000000-0x0000000800bb0000-0x0000000800bb0000), size 12255232, SharedBaseAddress: 0x0000000800000000, ArchiveRelocationMode: 0.
Compressed class space mapped at: 0x0000000800c00000-0x0000000840c00000, reserved size: 1073741824
Narrow klass base: 0x0000000800000000, Narrow klass shift: 3, Narrow klass range: 0x100000000

GC Precious Log:
 CPUs: 4 total, 4 available
 Memory: 8067M
 Large Page Support: Disabled
 NUMA Support: Disabled
 Compressed Oops: Enabled (32-bit)
 Heap Region Size: 1M
 Heap Min Capacity: 8M
 Heap Initial Capacity: 8M
 Heap Max Capacity: 2018M
 Pre-touch: Disabled
 Parallel Workers: 4
 Concurrent Workers: 1
 Concurrent Refinement Workers: 4
 Periodic GC: Disabled

Heap:
 garbage-first heap   total 24576K, used 11251K [0x0000000081e00000, 0x0000000100000000)
  region size 1024K, 6 young (6144K), 1 survivors (1024K)
 Metaspace       used 9190K, committed 9408K, reserved 1064960K
  class space    used 1037K, committed 1152K, reserved 1048576K

Heap Regions: E=young(eden), S=young(survivor), O=old, HS=humongous(starts), HC=humongous(continues), CS=collection set, F=free, OA=open archive, CA=closed archive, TAMS=top-at-mark-start (previous, next)
|   0|0x0000000081e00000, 0x0000000081f00000, 0x0000000081f00000|100%| O|  |TAMS 0x0000000081e00000, 0x0000000081e00000| Untracked 
|   1|0x0000000081f00000, 0x0000000082000000, 0x0000000082000000|100%| O|  |TAMS 0x0000000081f00000, 0x0000000081f00000| Untracked 
|   2|0x0000000082000000, 0x0000000082100000, 0x0000000082100000|100%| O|  |TAMS 0x0000000082000000, 0x0000000082000000| Untracked 
|   3|0x0000000082100000, 0x0000000082200000, 0x0000000082200000|100%| O|  |TAMS 0x0000000082100000, 0x0000000082100000| Untracked 
|   4|0x0000000082200000, 0x0000000082300000, 0x0000000082300000|100%| O|  |TAMS 0x0000000082200000, 0x0000000082200000| Untracked 
|   5|0x0000000082300000, 0x0000000082400000, 0x0000000082400000|100%| O|  |TAMS 0x0000000082300000, 0x0000000082300000| Untracked 
|   6|0x0000000082400000, 0x0000000082464000, 0x0000000082500000| 39%| O|  |TAMS 0x0000000082400000, 0x0000000082400000| Untracked 
|   7|0x0000000082500000, 0x0000000082500000, 0x0000000082600000|  0%| F|  |TAMS 0x0000000082500000, 0x0000000082500000| Untracked 
|   8|0x0000000082600000, 0x0000000082600000, 0x0000000082700000|  0%| F|  |TAMS 0x0000000082600000, 0x0000000082600000| Untracked 
|   9|0x0000000082700000, 0x0000000082700000, 0x0000000082800000|  0%| F|  |TAMS 0x0000000082700000, 0x0000000082700000| Untracked 
|  10|0x0000000082800000, 0x0000000082898d80, 0x0000000082900000| 59%| S|CS|TAMS 0x0000000082800000, 0x0000000082800000| Complete 
|  11|0x0000000082900000, 0x0000000082900000, 0x0000000082a00000|  0%| F|  |TAMS 0x0000000082900000, 0x0000000082900000| Untracked 
|  12|0x0000000082a00000, 0x0000000082a00000, 0x0000000082b00000|  0%| F|  |TAMS 0x0000000082a00000, 0x0000000082a00000| Untracked 
|  13|0x0000000082b00000, 0x0000000082b00000, 0x0000000082c00000|  0%| F|  |TAMS 0x0000000082b00000, 0x0000000082b00000| Untracked 
|  14|0x0000000082c00000, 0x0000000082c00000, 0x0000000082d00000|  0%| F|  |TAMS 0x0000000082c00000, 0x0000000082c00000| Untracked 
|  15|0x0000000082d00000, 0x0000000082d00000, 0x0000000082e00000|  0%| F|  |TAMS 0x0000000082d00000, 0x0000000082d00000| Untracked 
|  16|0x0000000082e00000, 0x0000000082e00000, 0x0000000082f00000|  0%| F|  |TAMS 0x0000000082e00000, 0x0000000082e00000| Untracked 
|  17|0x0000000082f00000, 0x0000000082f00000, 0x0000000083000000|  0%| F|  |TAMS 0x0000000082f00000, 0x0000000082f00000| Untracked 
|  18|0x0000000083000000, 0x0000000083000000, 0x0000000083100000|  0%| F|  |TAMS 0x0000000083000000, 0x0000000083000000| Untracked 
|  19|0x0000000083100000, 0x0000000083148030, 0x0000000083200000| 28%| E|  |TAMS 0x0000000083100000, 0x0000000083100000| Complete 
|  20|0x0000000083200000, 0x0000000083300000, 0x0000000083300000|100%| E|CS|TAMS 0x0000000083200000, 0x0000000083200000| Complete 
|  21|0x0000000083300000, 0x0000000083400000, 0x0000000083400000|100%| E|CS|TAMS 0x0000000083300000, 0x0000000083300000| Complete 
|  22|0x0000000083400000, 0x0000000083500000, 0x0000000083500000|100%| E|CS|TAMS 0x0000000083400000, 0x0000000083400000| Complete 
|  23|0x0000000083500000, 0x0000000083600000, 0x0000000083600000|100%| E|CS|TAMS 0x0000000083500000, 0x0000000083500000| Complete 

Card table byte_map: [0x00000170ee090000,0x00000170ee490000] _byte_map_base: 0x00000170edc81000

Marking Bits (Prev, Next): (CMBitMap*) 0x00000170d755d540, (CMBitMap*) 0x00000170d755d580
 Prev Bits: [0x00000170ee890000, 0x00000170f0818000)
 Next Bits: [0x00000170f0820000, 0x00000170f27a8000)

Polling page: 0x00000170d6cf0000

Metaspace:

Usage:
  Non-class:      7.96 MB used.
      Class:      1.01 MB used.
       Both:      8.98 MB used.

Virtual space:
  Non-class space:       16.00 MB reserved,       8.06 MB ( 50%) committed,  2 nodes.
      Class space:        1.00 GB reserved,       1.13 MB ( <1%) committed,  1 nodes.
              Both:        1.02 GB reserved,       9.19 MB ( <1%) committed. 

Chunk freelists:
   Non-Class:  1.83 MB
       Class:  2.86 MB
        Both:  4.69 MB

MaxMetaspaceSize: 17179869184.00 GB
CompressedClassSpaceSize: 1.00 GB
 - commit_granule_bytes: 65536.
 - commit_granule_words: 8192.
 - virtual_space_node_default_size: 1048576.
 - enlarge_chunks_in_place: 1.
 - new_chunks_are_fully_committed: 0.
 - uncommit_free_chunks: 1.
 - use_allocation_guard: 0.
 - handle_deallocations: 1.


Internal statistics:

num_allocs_failed_limit: 0.
num_arena_births: 76.
num_arena_deaths: 0.
num_vsnodes_births: 3.
num_vsnodes_deaths: 0.
num_space_committed: 147.
num_space_uncommitted: 0.
num_chunks_returned_to_freelist: 0.
num_chunks_taken_from_freelist: 396.
num_chunk_merges: 0.
num_chunk_splits: 273.
num_chunks_enlarged: 206.
num_purges: 0.

CodeHeap 'non-profiled nmethods': size=120000Kb used=504Kb max_used=504Kb free=119495Kb
 bounds [0x00000170e6760000, 0x00000170e69d0000, 0x00000170edc90000]
CodeHeap 'profiled nmethods': size=120000Kb used=2713Kb max_used=2713Kb free=117286Kb
 bounds [0x00000170df230000, 0x00000170df4e0000, 0x00000170e6760000]
CodeHeap 'non-nmethods': size=5760Kb used=1140Kb max_used=1165Kb free=4619Kb
 bounds [0x00000170dec90000, 0x00000170def00000, 0x00000170df230000]
 total_blobs=1881 nmethods=1463 adapters=330
 compilation: enabled
              stopped_count=0, restarted_count=0
 full_count=0

Compilation events (20 events):
Event: 2.150 Thread 0x00000170f4bf0ae0 1422       3       java.lang.invoke.DirectMethodHandle$Holder::newInvokeSpecial (28 bytes)
Event: 2.151 Thread 0x00000170f4bf0ae0 nmethod 1422 0x00000170df4bb290 code [0x00000170df4bb480, 0x00000170df4bbca8]
Event: 2.151 Thread 0x00000170f4bf0ae0 1424       3       com.sun.tools.javac.comp.Check$1::inferenceContext (11 bytes)
Event: 2.151 Thread 0x00000170f4bf0ae0 nmethod 1424 0x00000170df4bbe90 code [0x00000170df4bc020, 0x00000170df4bc138]
Event: 2.151 Thread 0x00000170f4bf0ae0 1425       3       com.sun.tools.javac.code.Symbol$TypeSymbol::precedes (132 bytes)
Event: 2.153 Thread 0x00000170f4bf0ae0 nmethod 1425 0x00000170df4bc210 code [0x00000170df4bc500, 0x00000170df4bd7b8]
Event: 2.153 Thread 0x00000170f4bf0ae0 1426       3       com.sun.tools.javac.jvm.ClassReader::readCompoundAnnotation (117 bytes)
Event: 2.156 Thread 0x00000170f4bf0ae0 nmethod 1426 0x00000170df4bdc10 code [0x00000170df4bdfa0, 0x00000170df4bf7e8]
Event: 2.156 Thread 0x00000170f4bf0ae0 1427       3       com.sun.tools.javac.jvm.ClassReader::readTypeOrClassSymbol (31 bytes)
Event: 2.158 Thread 0x00000170f4bf0ae0 nmethod 1427 0x00000170df4c0310 code [0x00000170df4c0640, 0x00000170df4c1b58]
Event: 2.158 Thread 0x00000170f4bf0ae0 1429       3       com.sun.tools.javac.code.Attribute$Compound::<init> (8 bytes)
Event: 2.158 Thread 0x00000170f4bf0ae0 nmethod 1429 0x00000170df4c2310 code [0x00000170df4c24c0, 0x00000170df4c27d8]
Event: 2.158 Thread 0x00000170f4bf0ae0 1428       3       com.sun.tools.javac.jvm.ClassReader$CompoundAnnotationProxy::<init> (11 bytes)
Event: 2.159 Thread 0x00000170f4bf0ae0 nmethod 1428 0x00000170df4c2910 code [0x00000170df4c2ac0, 0x00000170df4c2d38]
Event: 2.161 Thread 0x00000170f4bf0ae0 1430   !   3       java.nio.DirectByteBuffer::get (157 bytes)
Event: 2.163 Thread 0x00000170f4bf0ae0 nmethod 1430 0x00000170df4c2e10 code [0x00000170df4c30e0, 0x00000170df4c3ec8]
Event: 2.163 Thread 0x00000170f4bf0ae0 1431       3       jdk.internal.jimage.ImageBufferCache$BufferReference::<init> (14 bytes)
Event: 2.164 Thread 0x00000170f4bf0ae0 nmethod 1431 0x00000170df4c4690 code [0x00000170df4c4860, 0x00000170df4c4bf8]
Event: 2.164 Thread 0x00000170f4bf0ae0 1432       3       java.util.Arrays::sort (37 bytes)
Event: 2.164 Thread 0x00000170f4bf0ae0 nmethod 1432 0x00000170df4c4d90 code [0x00000170df4c4f60, 0x00000170df4c5158]

GC Heap History (20 events):
Event: 1.192 GC heap before
{Heap before GC invocations=3 (full 0):
 garbage-first heap   total 8192K, used 2976K [0x0000000081e00000, 0x0000000100000000)
  region size 1024K, 2 young (2048K), 1 survivors (1024K)
 Metaspace       used 7496K, committed 7616K, reserved 1064960K
  class space    used 854K, committed 896K, reserved 1048576K
}
Event: 1.196 GC heap after
{Heap after GC invocations=4 (full 0):
 garbage-first heap   total 8192K, used 2248K [0x0000000081e00000, 0x0000000100000000)
  region size 1024K, 1 young (1024K), 1 survivors (1024K)
 Metaspace       used 7496K, committed 7616K, reserved 1064960K
  class space    used 854K, committed 896K, reserved 1048576K
}
Event: 1.253 GC heap before
{Heap before GC invocations=4 (full 0):
 garbage-first heap   total 8192K, used 3272K [0x0000000081e00000, 0x0000000100000000)
  region size 1024K, 2 young (2048K), 1 survivors (1024K)
 Metaspace       used 7769K, committed 7936K, reserved 1064960K
  class space    used 882K, committed 960K, reserved 1048576K
}
Event: 1.256 GC heap after
{Heap after GC invocations=5 (full 0):
 garbage-first heap   total 10240K, used 2477K [0x0000000081e00000, 0x0000000100000000)
  region size 1024K, 1 young (1024K), 1 survivors (1024K)
 Metaspace       used 7769K, committed 7936K, reserved 1064960K
  class space    used 882K, committed 960K, reserved 1048576K
}
Event: 1.380 GC heap before
{Heap before GC invocations=5 (full 0):
 garbage-first heap   total 10240K, used 4525K [0x0000000081e00000, 0x0000000100000000)
  region size 1024K, 3 young (3072K), 1 survivors (1024K)
 Metaspace       used 8057K, committed 8256K, reserved 1064960K
  class space    used 921K, committed 1024K, reserved 1048576K
}
Event: 1.384 GC heap after
{Heap after GC invocations=6 (full 0):
 garbage-first heap   total 10240K, used 3051K [0x0000000081e00000, 0x0000000100000000)
  region size 1024K, 1 young (1024K), 1 survivors (1024K)
 Metaspace       used 8057K, committed 8256K, reserved 1064960K
  class space    used 921K, committed 1024K, reserved 1048576K
}
Event: 1.451 GC heap before
{Heap before GC invocations=6 (full 0):
 garbage-first heap   total 10240K, used 5099K [0x0000000081e00000, 0x0000000100000000)
  region size 1024K, 3 young (3072K), 1 survivors (1024K)
 Metaspace       used 8114K, committed 8320K, reserved 1064960K
  class space    used 921K, committed 1024K, reserved 1048576K
}
Event: 1.456 GC heap after
{Heap after GC invocations=7 (full 0):
 garbage-first heap   total 10240K, used 3403K [0x0000000081e00000, 0x0000000100000000)
  region size 1024K, 1 young (1024K), 1 survivors (1024K)
 Metaspace       used 8114K, committed 8320K, reserved 1064960K
  class space    used 921K, committed 1024K, reserved 1048576K
}
Event: 1.531 GC heap before
{Heap before GC invocations=7 (full 0):
 garbage-first heap   total 10240K, used 5451K [0x0000000081e00000, 0x0000000100000000)
  region size 1024K, 3 young (3072K), 1 survivors (1024K)
 Metaspace       used 8211K, committed 8384K, reserved 1064960K
  class space    used 930K, committed 1024K, reserved 1048576K
}
Event: 1.534 GC heap after
{Heap after GC invocations=8 (full 0):
 garbage-first heap   total 10240K, used 3619K [0x0000000081e00000, 0x0000000100000000)
  region size 1024K, 1 young (1024K), 1 survivors (1024K)
 Metaspace       used 8211K, committed 8384K, reserved 1064960K
  class space    used 930K, committed 1024K, reserved 1048576K
}
Event: 1.593 GC heap before
{Heap before GC invocations=8 (full 0):
 garbage-first heap   total 10240K, used 5667K [0x0000000081e00000, 0x0000000100000000)
  region size 1024K, 3 young (3072K), 1 survivors (1024K)
 Metaspace       used 8303K, committed 8448K, reserved 1064960K
  class space    used 941K, committed 1024K, reserved 1048576K
}
Event: 1.597 GC heap after
{Heap after GC invocations=9 (full 0):
 garbage-first heap   total 15360K, used 3960K [0x0000000081e00000, 0x0000000100000000)
  region size 1024K, 1 young (1024K), 1 survivors (1024K)
 Metaspace       used 8303K, committed 8448K, reserved 1064960K
  class space    used 941K, committed 1024K, reserved 1048576K
}
Event: 1.715 GC heap before
{Heap before GC invocations=9 (full 0):
 garbage-first heap   total 15360K, used 8056K [0x0000000081e00000, 0x0000000100000000)
  region size 1024K, 5 young (5120K), 1 survivors (1024K)
 Metaspace       used 8404K, committed 8640K, reserved 1064960K
  class space    used 946K, committed 1088K, reserved 1048576K
}
Event: 1.719 GC heap after
{Heap after GC invocations=10 (full 0):
 garbage-first heap   total 15360K, used 4744K [0x0000000081e00000, 0x0000000100000000)
  region size 1024K, 1 young (1024K), 1 survivors (1024K)
 Metaspace       used 8404K, committed 8640K, reserved 1064960K
  class space    used 946K, committed 1088K, reserved 1048576K
}
Event: 1.816 GC heap before
{Heap before GC invocations=10 (full 0):
 garbage-first heap   total 15360K, used 8840K [0x0000000081e00000, 0x0000000100000000)
  region size 1024K, 5 young (5120K), 1 survivors (1024K)
 Metaspace       used 8487K, committed 8704K, reserved 1064960K
  class space    used 953K, committed 1088K, reserved 1048576K
}
Event: 1.822 GC heap after
{Heap after GC invocations=11 (full 0):
 garbage-first heap   total 15360K, used 5479K [0x0000000081e00000, 0x0000000100000000)
  region size 1024K, 1 young (1024K), 1 survivors (1024K)
 Metaspace       used 8487K, committed 8704K, reserved 1064960K
  class space    used 953K, committed 1088K, reserved 1048576K
}
Event: 1.916 GC heap before
{Heap before GC invocations=11 (full 0):
 garbage-first heap   total 15360K, used 7527K [0x0000000081e00000, 0x0000000100000000)
  region size 1024K, 4 young (4096K), 1 survivors (1024K)
 Metaspace       used 8553K, committed 8768K, reserved 1064960K
  class space    used 961K, committed 1088K, reserved 1048576K
}
Event: 1.922 GC heap after
{Heap after GC invocations=12 (full 0):
 garbage-first heap   total 15360K, used 6801K [0x0000000081e00000, 0x0000000100000000)
  region size 1024K, 1 young (1024K), 1 survivors (1024K)
 Metaspace       used 8553K, committed 8768K, reserved 1064960K
  class space    used 961K, committed 1088K, reserved 1048576K
}
Event: 2.107 GC heap before
{Heap before GC invocations=12 (full 0):
 garbage-first heap   total 15360K, used 9873K [0x0000000081e00000, 0x0000000100000000)
  region size 1024K, 4 young (4096K), 1 survivors (1024K)
 Metaspace       used 9101K, committed 9344K, reserved 1064960K
  class space    used 1034K, committed 1152K, reserved 1048576K
}
Event: 2.114 GC heap after
{Heap after GC invocations=13 (full 0):
 garbage-first heap   total 24576K, used 7155K [0x0000000081e00000, 0x0000000100000000)
  region size 1024K, 1 young (1024K), 1 survivors (1024K)
 Metaspace       used 9101K, committed 9344K, reserved 1064960K
  class space    used 1034K, committed 1152K, reserved 1048576K
}

Deoptimization events (20 events):
Event: 1.838 Thread 0x00000170d751d960 Uncommon trap: trap_request=0xffffff45 fr.pc=0x00000170e67c8c38 relative=0x0000000000000118
Event: 1.838 Thread 0x00000170d751d960 Uncommon trap: reason=unstable_if action=reinterpret pc=0x00000170e67c8c38 method=com.sun.tools.javac.code.Scope$ScopeImpl.getIndex(Lcom/sun/tools/javac/util/Name;)I @ 60 c2
Event: 1.838 Thread 0x00000170d751d960 DEOPT PACKING pc=0x00000170e67c8c38 sp=0x00000003b58fdb20
Event: 1.838 Thread 0x00000170d751d960 DEOPT UNPACKING pc=0x00000170decdd72e sp=0x00000003b58fda90 mode 2
Event: 1.838 Thread 0x00000170d751d960 Uncommon trap: trap_request=0xffffff45 fr.pc=0x00000170e67bf9c8 relative=0x0000000000000a08
Event: 1.838 Thread 0x00000170d751d960 Uncommon trap: reason=unstable_if action=reinterpret pc=0x00000170e67bf9c8 method=com.sun.tools.javac.util.ArrayUtils.ensureCapacity([BI)[B @ 3 c2
Event: 1.838 Thread 0x00000170d751d960 DEOPT PACKING pc=0x00000170e67bf9c8 sp=0x00000003b58fddc0
Event: 1.838 Thread 0x00000170d751d960 DEOPT UNPACKING pc=0x00000170decdd72e sp=0x00000003b58fdce8 mode 2
Event: 1.881 Thread 0x00000170d751d960 Uncommon trap: trap_request=0xffffff45 fr.pc=0x00000170e67915a0 relative=0x0000000000000100
Event: 1.881 Thread 0x00000170d751d960 Uncommon trap: reason=unstable_if action=reinterpret pc=0x00000170e67915a0 method=com.sun.tools.javac.parser.UnicodeReader.isASCII()Z @ 6 c2
Event: 1.881 Thread 0x00000170d751d960 DEOPT PACKING pc=0x00000170e67915a0 sp=0x00000003b58fd010
Event: 1.881 Thread 0x00000170d751d960 DEOPT UNPACKING pc=0x00000170decdd72e sp=0x00000003b58fcf40 mode 2
Event: 1.881 Thread 0x00000170d751d960 Uncommon trap: trap_request=0xffffff45 fr.pc=0x00000170e6792d7c relative=0x000000000000005c
Event: 1.881 Thread 0x00000170d751d960 Uncommon trap: reason=unstable_if action=reinterpret pc=0x00000170e6792d7c method=com.sun.tools.javac.parser.UnicodeReader.isASCII()Z @ 6 c2
Event: 1.881 Thread 0x00000170d751d960 DEOPT PACKING pc=0x00000170e6792d7c sp=0x00000003b58fd110
Event: 1.881 Thread 0x00000170d751d960 DEOPT UNPACKING pc=0x00000170decdd72e sp=0x00000003b58fd098 mode 2
Event: 1.881 Thread 0x00000170d751d960 Uncommon trap: trap_request=0xffffff3d fr.pc=0x00000170e67c29b0 relative=0x0000000000000210
Event: 1.881 Thread 0x00000170d751d960 Uncommon trap: reason=unstable_fused_if action=reinterpret pc=0x00000170e67c29b0 method=com.sun.tools.javac.util.Convert.chars2utf([CI[BII)I @ 28 c2
Event: 1.881 Thread 0x00000170d751d960 DEOPT PACKING pc=0x00000170e67c29b0 sp=0x00000003b58fcf30
Event: 1.881 Thread 0x00000170d751d960 DEOPT UNPACKING pc=0x00000170decdd72e sp=0x00000003b58fce90 mode 2

Classes unloaded (0 events):
No events

Classes redefined (0 events):
No events

Internal exceptions (20 events):
Event: 1.257 Thread 0x00000170d751d960 Exception <a 'java/lang/NoSuchMethodError'{0x00000000827043e0}: 'java.lang.Object java.lang.invoke.DirectMethodHandle$Holder.invokeSpecial(java.lang.Object, java.lang.Object, java.lang.Object, int, int)'> (0x00000000827043e0) 
thrown [t:\workspace\open\src\hotspot\share\interpreter\linkResolver.cpp, line 790]
Event: 1.325 Thread 0x00000170d751d960 Exception <a 'java/lang/NoSuchMethodError'{0x0000000082647220}: 'void java.lang.invoke.DirectMethodHandle$Holder.invokeStatic(java.lang.Object, java.lang.Object)'> (0x0000000082647220) 
thrown [t:\workspace\open\src\hotspot\share\interpreter\linkResolver.cpp, line 790]
Event: 1.329 Thread 0x00000170d751d960 Exception <a 'sun/nio/fs/WindowsException'{0x0000000082651728}> (0x0000000082651728) 
thrown [t:\workspace\open\src\hotspot\share\prims\jni.cpp, line 579]
Event: 1.353 Thread 0x00000170d751d960 Exception <a 'sun/nio/fs/WindowsException'{0x0000000082676dc0}> (0x0000000082676dc0) 
thrown [t:\workspace\open\src\hotspot\share\prims\jni.cpp, line 579]
Event: 1.499 Thread 0x00000170d751d960 Exception <a 'java/lang/NoSuchMethodError'{0x000000008279bce0}: 'int java.lang.invoke.DirectMethodHandle$Holder.invokeSpecial(java.lang.Object, java.lang.Object, java.lang.Object)'> (0x000000008279bce0) 
thrown [t:\workspace\open\src\hotspot\share\interpreter\linkResolver.cpp, line 790]
Event: 1.503 Thread 0x00000170d751d960 Exception <a 'sun/nio/fs/WindowsException'{0x00000000827a70e0}> (0x00000000827a70e0) 
thrown [t:\workspace\open\src\hotspot\share\prims\jni.cpp, line 579]
Event: 1.503 Thread 0x00000170d751d960 Exception <a 'sun/nio/fs/WindowsException'{0x00000000827a7400}> (0x00000000827a7400) 
thrown [t:\workspace\open\src\hotspot\share\prims\jni.cpp, line 579]
Event: 1.504 Thread 0x00000170d751d960 Exception <a 'sun/nio/fs/WindowsException'{0x00000000827a8438}> (0x00000000827a8438) 
thrown [t:\workspace\open\src\hotspot\share\prims\jni.cpp, line 579]
Event: 1.504 Thread 0x00000170d751d960 Exception <a 'sun/nio/fs/WindowsException'{0x00000000827a8718}> (0x00000000827a8718) 
thrown [t:\workspace\open\src\hotspot\share\prims\jni.cpp, line 579]
Event: 1.554 Thread 0x00000170d751d960 Exception <a 'java/lang/NoSuchMethodError'{0x000000008269da40}: 'java.lang.Object java.lang.invoke.DirectMethodHandle$Holder.invokeStatic(java.lang.Object, java.lang.Object, int, int)'> (0x000000008269da40) 
thrown [t:\workspace\open\src\hotspot\share\interpreter\linkResolver.cpp, line 790]
Event: 1.666 Thread 0x00000170d751d960 Exception <a 'sun/nio/fs/WindowsException'{0x0000000082b98fb0}> (0x0000000082b98fb0) 
thrown [t:\workspace\open\src\hotspot\share\prims\jni.cpp, line 579]
Event: 1.666 Thread 0x00000170d751d960 Exception <a 'sun/nio/fs/WindowsException'{0x0000000082b992d0}> (0x0000000082b992d0) 
thrown [t:\workspace\open\src\hotspot\share\prims\jni.cpp, line 579]
Event: 1.666 Thread 0x00000170d751d960 Exception <a 'sun/nio/fs/WindowsException'{0x0000000082b9a308}> (0x0000000082b9a308) 
thrown [t:\workspace\open\src\hotspot\share\prims\jni.cpp, line 579]
Event: 1.666 Thread 0x00000170d751d960 Exception <a 'sun/nio/fs/WindowsException'{0x0000000082b9a5f0}> (0x0000000082b9a5f0) 
thrown [t:\workspace\open\src\hotspot\share\prims\jni.cpp, line 579]
Event: 1.668 Thread 0x00000170d751d960 Exception <a 'sun/nio/fs/WindowsException'{0x0000000082b9c010}> (0x0000000082b9c010) 
thrown [t:\workspace\open\src\hotspot\share\prims\jni.cpp, line 579]
Event: 1.668 Thread 0x00000170d751d960 Exception <a 'sun/nio/fs/WindowsException'{0x0000000082b9c358}> (0x0000000082b9c358) 
thrown [t:\workspace\open\src\hotspot\share\prims\jni.cpp, line 579]
Event: 1.668 Thread 0x00000170d751d960 Exception <a 'sun/nio/fs/WindowsException'{0x0000000082b9d400}> (0x0000000082b9d400) 
thrown [t:\workspace\open\src\hotspot\share\prims\jni.cpp, line 579]
Event: 1.669 Thread 0x00000170d751d960 Exception <a 'sun/nio/fs/WindowsException'{0x0000000082b9d700}> (0x0000000082b9d700) 
thrown [t:\workspace\open\src\hotspot\share\prims\jni.cpp, line 579]
Event: 1.785 Thread 0x00000170d751d960 Exception <a 'java/lang/NoSuchMethodError'{0x0000000082967ec0}: 'java.lang.Object java.lang.invoke.DirectMethodHandle$Holder.invokeInterface(java.lang.Object, java.lang.Object)'> (0x0000000082967ec0) 
thrown [t:\workspace\open\src\hotspot\share\interpreter\linkResolver.cpp, line 790]
Event: 1.930 Thread 0x00000170d751d960 Exception <a 'java/lang/NoSuchMethodError'{0x0000000082c37c78}: 'void java.lang.invoke.DirectMethodHandle$Holder.invokeSpecial(java.lang.Object, java.lang.Object, java.lang.Object, java.lang.Object, java.lang.Object)'> (0x0000000082c37c78) 
thrown [t:\workspace\open\src\hotspot\share\interpreter\linkResolver.cpp, line 790]

Events (20 events):
Event: 2.048 loading class java/util/stream/Node$OfPrimitive
Event: 2.048 loading class java/util/stream/Node$OfPrimitive done
Event: 2.048 loading class java/util/stream/Node$OfInt done
Event: 2.048 loading class java/util/stream/Nodes$EmptyNode$OfInt done
Event: 2.048 loading class java/util/stream/Nodes$EmptyNode$OfLong
Event: 2.048 loading class java/util/stream/Node$OfLong
Event: 2.048 loading class java/util/stream/Node$OfLong done
Event: 2.049 loading class java/util/stream/Nodes$EmptyNode$OfLong done
Event: 2.049 loading class java/util/stream/Nodes$EmptyNode$OfDouble
Event: 2.049 loading class java/util/stream/Node$OfDouble
Event: 2.049 loading class java/util/stream/Node$OfDouble done
Event: 2.049 loading class java/util/stream/Nodes$EmptyNode$OfDouble done
Event: 2.049 loading class java/util/stream/Nodes$FixedNodeBuilder
Event: 2.049 loading class java/util/stream/Node$Builder
Event: 2.049 loading class java/util/stream/Node$Builder done
Event: 2.049 loading class java/util/stream/Nodes$ArrayNode
Event: 2.049 loading class java/util/stream/Nodes$ArrayNode done
Event: 2.050 loading class java/util/stream/Nodes$FixedNodeBuilder done
Event: 2.107 Executing  VM operation: G1CollectForAllocation
Event: 2.114 Executing  VM operation: G1CollectForAllocation done


Dynamic libraries:
0x00007ff74d860000 - 0x00007ff74d868000 	C:\Program Files\Java\jdk-16.0.1\bin\javac.exe
0x00007ffa35380000 - 0x00007ffa35570000 	C:\Windows\SYSTEM32\ntdll.dll
0x00007ffa34390000 - 0x00007ffa34442000 	C:\Windows\System32\KERNEL32.DLL
0x00007ffa32300000 - 0x00007ffa325a4000 	C:\Windows\System32\KERNELBASE.dll
0x00007ffa325b0000 - 0x00007ffa326aa000 	C:\Windows\System32\ucrtbase.dll
0x00007ffa2e590000 - 0x00007ffa2e5a8000 	C:\Program Files\Java\jdk-16.0.1\bin\jli.dll
0x00007ffa33be0000 - 0x00007ffa33c83000 	C:\Windows\System32\ADVAPI32.dll
0x00007ffa20740000 - 0x00007ffa20759000 	C:\Program Files\Java\jdk-16.0.1\bin\VCRUNTIME140.dll
0x00007ffa34c20000 - 0x00007ffa34cbe000 	C:\Windows\System32\msvcrt.dll
0x00007ffa33430000 - 0x00007ffa334c7000 	C:\Windows\System32\sechost.dll
0x00007ffa34450000 - 0x00007ffa34570000 	C:\Windows\System32\RPCRT4.dll
0x00007ffa348b0000 - 0x00007ffa34a44000 	C:\Windows\System32\USER32.dll
0x00007ffa32820000 - 0x00007ffa32841000 	C:\Windows\System32\win32u.dll
0x00007ffa351b0000 - 0x00007ffa351d6000 	C:\Windows\System32\GDI32.dll
0x00007ffa33180000 - 0x00007ffa33316000 	C:\Windows\System32\gdi32full.dll
0x00007ffa32780000 - 0x00007ffa3281e000 	C:\Windows\System32\msvcp_win.dll
0x00007ffa22f70000 - 0x00007ffa231f4000 	C:\Windows\WinSxS\amd64_microsoft.windows.common-controls_6595b64144ccf1df_6.0.18362.959_none_e6c7bbbf130c62bb\COMCTL32.dll
0x00007ffa34570000 - 0x00007ffa348a5000 	C:\Windows\System32\combase.dll
0x00007ffa326b0000 - 0x00007ffa32730000 	C:\Windows\System32\bcryptPrimitives.dll
0x00007ffa22890000 - 0x00007ffa2289a000 	C:\Windows\SYSTEM32\VERSION.dll
0x00007ffa33ec0000 - 0x00007ffa33eee000 	C:\Windows\System32\IMM32.DLL
0x00007ffa21130000 - 0x00007ffa2113c000 	C:\Program Files\Java\jdk-16.0.1\bin\vcruntime140_1.dll
0x00007ff9f3120000 - 0x00007ff9f31b1000 	C:\Program Files\Java\jdk-16.0.1\bin\msvcp140.dll
0x00007ff9c1c90000 - 0x00007ff9c283b000 	C:\Program Files\Java\jdk-16.0.1\bin\server\jvm.dll
0x00007ffa334e0000 - 0x00007ffa334e8000 	C:\Windows\System32\PSAPI.DLL
0x00007ffa21910000 - 0x00007ffa21919000 	C:\Windows\SYSTEM32\WSOCK32.dll
0x00007ffa34320000 - 0x00007ffa3438f000 	C:\Windows\System32\WS2_32.dll
0x00007ffa2fb40000 - 0x00007ffa2fb64000 	C:\Windows\SYSTEM32\WINMM.dll
0x00007ffa2fb10000 - 0x00007ffa2fb3d000 	C:\Windows\SYSTEM32\WINMMBASE.dll
0x00007ffa32730000 - 0x00007ffa3277a000 	C:\Windows\System32\cfgmgr32.dll
0x00007ffa32240000 - 0x00007ffa32251000 	C:\Windows\System32\kernel.appcore.dll
0x00007ffa20710000 - 0x00007ffa2071a000 	C:\Program Files\Java\jdk-16.0.1\bin\jimage.dll
0x00007ffa307b0000 - 0x00007ffa309a4000 	C:\Windows\SYSTEM32\DBGHELP.DLL
0x00007ffa1cc70000 - 0x00007ffa1cc9a000 	C:\Windows\SYSTEM32\dbgcore.DLL
0x00007ffa1c560000 - 0x00007ffa1c585000 	C:\Program Files\Java\jdk-16.0.1\bin\java.dll
0x00007ffa334f0000 - 0x00007ffa33bd6000 	C:\Windows\System32\SHELL32.dll
0x00007ffa33d40000 - 0x00007ffa33de9000 	C:\Windows\System32\shcore.dll
0x00007ffa32850000 - 0x00007ffa32fd2000 	C:\Windows\System32\windows.storage.dll
0x00007ffa322b0000 - 0x00007ffa322d3000 	C:\Windows\System32\profapi.dll
0x00007ffa32260000 - 0x00007ffa322aa000 	C:\Windows\System32\powrprof.dll
0x00007ffa32230000 - 0x00007ffa32240000 	C:\Windows\System32\UMPDC.dll
0x00007ffa341f0000 - 0x00007ffa34242000 	C:\Windows\System32\shlwapi.dll
0x00007ffa33160000 - 0x00007ffa33177000 	C:\Windows\System32\cryptsp.dll
0x00007ffa1eb70000 - 0x00007ffa1eb89000 	C:\Program Files\Java\jdk-16.0.1\bin\net.dll
0x00007ffa23db0000 - 0x00007ffa23ea0000 	C:\Windows\SYSTEM32\WINHTTP.dll
0x00007ffa31a40000 - 0x00007ffa31aa7000 	C:\Windows\system32\mswsock.dll
0x00007ffa1c480000 - 0x00007ffa1c493000 	C:\Program Files\Java\jdk-16.0.1\bin\nio.dll

dbghelp: loaded successfully - version: 4.0.5 - missing functions: none
symbol engine: initialized successfully - sym options: 0x614 - pdb path: .;C:\Program Files\Java\jdk-16.0.1\bin;C:\Windows\SYSTEM32;C:\Windows\WinSxS\amd64_microsoft.windows.common-controls_6595b64144ccf1df_6.0.18362.959_none_e6c7bbbf130c62bb;C:\Program Files\Java\jdk-16.0.1\bin\server

VM Arguments:
jvm_args: -Dapplication.home=C:\Program Files\Java\jdk-16.0.1 --add-modules=ALL-DEFAULT -Xms8m -Djdk.module.main=jdk.compiler 
java_command: jdk.compiler/com.sun.tools.javac.Main -d C:\Users\Hewlett Packard\Documents\NetBeansProjects\Proyecto-2\build\classes -classpath C:\Users\Hewlett Packard\Documents\NetBeansProjects\Proyecto-2\build\classes -sourcepath C:\Users\Hewlett Packard\Documents\NetBeansProjects\Proyecto-2\src -target 16 -encoding UTF-8 -g -processorpath C:\Users\Hewlett Packard\Documents\NetBeansProjects\Proyecto-2\build\empty -s C:\Users\Hewlett Packard\Documents\NetBeansProjects\Proyecto-2\build\generated-sources\ap-source-output -source 16 C:\Users\Hewlett Packard\Documents\NetBeansProjects\Proyecto-2\src\FrmInicio.java
java_class_path (initial): <not set>
Launcher Type: SUN_STANDARD

[Global flags]
     intx CICompilerCount                          = 3                                         {product} {ergonomic}
     uint ConcGCThreads                            = 1                                         {product} {ergonomic}
     uint G1ConcRefinementThreads                  = 4                                         {product} {ergonomic}
   size_t G1HeapRegionSize                         = 1048576                                   {product} {ergonomic}
    uintx GCDrainStackTargetSize                   = 64                                        {product} {ergonomic}
   size_t InitialHeapSize                          = 8388608                                   {product} {command line}
   size_t MarkStackSize                            = 4194304                                   {product} {ergonomic}
   size_t MaxHeapSize                              = 2116026368                                {product} {ergonomic}
   size_t MaxNewSize                               = 1268776960                                {product} {ergonomic}
   size_t MinHeapDeltaBytes                        = 1048576                                   {product} {ergonomic}
   size_t MinHeapSize                              = 8388608                                   {product} {command line}
    uintx NonNMethodCodeHeapSize                   = 5832780                                {pd product} {ergonomic}
    uintx NonProfiledCodeHeapSize                  = 122912730                              {pd product} {ergonomic}
    uintx ProfiledCodeHeapSize                     = 122912730                              {pd product} {ergonomic}
    uintx ReservedCodeCacheSize                    = 251658240                              {pd product} {ergonomic}
     bool SegmentedCodeCache                       = true                                      {product} {ergonomic}
   size_t SoftMaxHeapSize                          = 2116026368                             {manageable} {ergonomic}
     bool UseCompressedClassPointers               = true                           {product lp64_product} {ergonomic}
     bool UseCompressedOops                        = true                           {product lp64_product} {ergonomic}
     bool UseG1GC                                  = true                                      {product} {ergonomic}
     bool UseLargePagesIndividualAllocation        = false                                  {pd product} {ergonomic}

Logging:
Log output configuration:
 #0: stdout all=warning uptime,level,tags
 #1: stderr all=off uptime,level,tags

Environment Variables:
PATH=C:\Program Files\Common Files\Oracle\Java\javapath;C:\Windows\system32;C:\Windows;C:\Windows\System32\Wbem;C:\Windows\System32\WindowsPowerShell\v1.0\;C:\Windows\System32\OpenSSH\;C:\Go\bin;C:\Users\Hewlett Packard\AppData\Local\Microsoft\WindowsApps;;C:\Program Files\JetBrains\GoLand 2020.3.2\bin;;C:\Users\Hewlett Packard\go\bin
USERNAME=Hewlett Packard
OS=Windows_NT
PROCESSOR_IDENTIFIER=Intel64 Family 6 Model 61 Stepping 4, GenuineIntel



---------------  S Y S T E M  ---------------

OS:
 Windows 10 , 64 bit Build 18362 (10.0.18362.959)
OS uptime: 30 days 4:22 hours

CPU: total 4 (initial active 4) (2 cores per cpu, 2 threads per core) family 6 model 61 stepping 4 microcode 0x2d, cx8, cmov, fxsr, ht, mmx, 3dnowpref, sse, sse2, sse3, ssse3, sse4.1, sse4.2, popcnt, lzcnt, tsc, tscinvbit, avx, avx2, aes, erms, clmul, bmi1, bmi2, adx, fma, vzeroupper, clflush

Memory: 4k page, system-wide physical 8067M (1465M free)
TotalPageFile size 16259M (AvailPageFile size 5M)
current process WorkingSet (physical memory assigned to process): 83M, peak: 83M
current process commit charge ("private bytes"): 117M, peak: 117M

vm_info: Java HotSpot(TM) 64-Bit Server VM (16.0.1+9-24) for windows-amd64 JRE (16.0.1+9-24), built on Mar 26 2021 19:31:42 by "mach5one" with MS VC++ 16.7 (VS2019)

END.
