#
# There is insufficient memory for the Java Runtime Environment to continue.
# Native memory allocation (mmap) failed to map 14680064 bytes for G1 virtual space
# Possible reasons:
#   The system is out of physical RAM or swap space
#   The process is running with CompressedOops enabled, and the Java Heap may be blocking the growth of the native heap
# Possible solutions:
#   Reduce memory load on the system
#   Increase physical memory or swap space
#   Check if swap backing store is full
#   Decrease Java heap size (-Xmx/-Xms)
#   Decrease number of Java threads
#   Decrease Java thread stack sizes (-Xss)
#   Set larger code cache with -XX:ReservedCodeCacheSize=
#   JVM is running with Unscaled Compressed Oops mode in which the Java heap is
#     placed in the first 4GB address space. The Java Heap base address is the
#     maximum limit for the native heap growth. Please use -XX:HeapBaseMinAddress
#     to set the Java Heap base and to place the Java Heap above 4GB virtual address.
# This output file may be truncated or incomplete.
#
#  Out of Memory Error (os_windows.cpp:3466), pid=20124, tid=21812
#
# JRE version: Java(TM) SE Runtime Environment (16.0.1+9) (build 16.0.1+9-24)
# Java VM: Java HotSpot(TM) 64-Bit Server VM (16.0.1+9-24, mixed mode, sharing, tiered, compressed oops, compressed class ptrs, g1 gc, windows-amd64)
# No core dump will be written. Minidumps are not enabled by default on client versions of Windows
#

---------------  S U M M A R Y ------------

Command Line: -Dapplication.home=C:\Program Files\Java\jdk-16.0.1 --add-modules=ALL-DEFAULT -Xms8m -Djdk.module.main=jdk.compiler jdk.compiler/com.sun.tools.javac.Main -d C:\Users\Hewlett Packard\Documents\NetBeansProjects\Proyecto-2\build\classes -classpath C:\Users\Hewlett Packard\Documents\NetBeansProjects\Proyecto-2\build\classes -sourcepath C:\Users\Hewlett Packard\Documents\NetBeansProjects\Proyecto-2\src -target 16 -encoding UTF-8 -g -processorpath C:\Users\Hewlett Packard\Documents\NetBeansProjects\Proyecto-2\build\empty -s C:\Users\Hewlett Packard\Documents\NetBeansProjects\Proyecto-2\build\generated-sources\ap-source-output -source 16 C:\Users\Hewlett Packard\Documents\NetBeansProjects\Proyecto-2\src\FrmInicio.java

Host: Intel(R) Core(TM) i3-5010U CPU @ 2.10GHz, 4 cores, 7G,  Windows 10 , 64 bit Build 18362 (10.0.18362.959)
Time: Fri Jul 30 19:58:25 2021 Hora estándar, América Central elapsed time: 1.450716 seconds (0d 0h 0m 1s)

---------------  T H R E A D  ---------------

Current thread (0x000001d6f837fea0):  VMThread "VM Thread" [stack: 0x0000005aaad00000,0x0000005aaae00000] [id=21812]

Stack: [0x0000005aaad00000,0x0000005aaae00000]
Native frames: (J=compiled Java code, j=interpreted, Vv=VM code, C=native code)
V  [jvm.dll+0x6687ca]
V  [jvm.dll+0x7ca3c9]
V  [jvm.dll+0x7cbb53]
V  [jvm.dll+0x7cc1b3]
V  [jvm.dll+0x242ea5]
V  [jvm.dll+0x665589]
V  [jvm.dll+0x65a175]
V  [jvm.dll+0x2fc5ab]
V  [jvm.dll+0x3037a6]
V  [jvm.dll+0x352fee]
V  [jvm.dll+0x35321f]
V  [jvm.dll+0x2d3618]
V  [jvm.dll+0x2d11a5]
V  [jvm.dll+0x2d07dc]
V  [jvm.dll+0x3158c2]
V  [jvm.dll+0x7d05eb]
V  [jvm.dll+0x7d12e4]
V  [jvm.dll+0x7d17e9]
V  [jvm.dll+0x7d1aa4]
V  [jvm.dll+0x7d1b70]
V  [jvm.dll+0x779b4a]
V  [jvm.dll+0x667666]
C  [ucrtbase.dll+0x20e82]
C  [KERNEL32.DLL+0x17bd4]
C  [ntdll.dll+0x6ce51]

VM_Operation (0x0000005aaa7fc320): G1CollectForAllocation, mode: safepoint, requested by thread 0x000001d6dacd4890


---------------  P R O C E S S  ---------------

Threads class SMR info:
_java_thread_list=0x000001d6f9778f00, length=13, elements={
0x000001d6dacd4890, 0x000001d6f8386f20, 0x000001d6f8387cf0, 0x000001d6f8397d00,
0x000001d6f8398710, 0x000001d6f839b030, 0x000001d6f839dd50, 0x000001d6f839ea40,
0x000001d6f83ac960, 0x000001d6f83c6110, 0x000001d6f848d710, 0x000001d6f906c470,
0x000001d6f97fee70
}

Java Threads: ( => current thread )
  0x000001d6dacd4890 JavaThread "main" [_thread_blocked, id=4676, stack(0x0000005aaa700000,0x0000005aaa800000)]
  0x000001d6f8386f20 JavaThread "Reference Handler" daemon [_thread_blocked, id=4368, stack(0x0000005aaae00000,0x0000005aaaf00000)]
  0x000001d6f8387cf0 JavaThread "Finalizer" daemon [_thread_blocked, id=18668, stack(0x0000005aaaf00000,0x0000005aab000000)]
  0x000001d6f8397d00 JavaThread "Signal Dispatcher" daemon [_thread_blocked, id=10400, stack(0x0000005aab000000,0x0000005aab100000)]
  0x000001d6f8398710 JavaThread "Attach Listener" daemon [_thread_blocked, id=14172, stack(0x0000005aab100000,0x0000005aab200000)]
  0x000001d6f839b030 JavaThread "Service Thread" daemon [_thread_blocked, id=9608, stack(0x0000005aab200000,0x0000005aab300000)]
  0x000001d6f839dd50 JavaThread "Monitor Deflation Thread" daemon [_thread_blocked, id=14628, stack(0x0000005aab300000,0x0000005aab400000)]
  0x000001d6f839ea40 JavaThread "C2 CompilerThread0" daemon [_thread_blocked, id=9164, stack(0x0000005aab400000,0x0000005aab500000)]
  0x000001d6f83ac960 JavaThread "C1 CompilerThread0" daemon [_thread_blocked, id=22072, stack(0x0000005aab500000,0x0000005aab600000)]
  0x000001d6f83c6110 JavaThread "Sweeper thread" daemon [_thread_blocked, id=19968, stack(0x0000005aab600000,0x0000005aab700000)]
  0x000001d6f848d710 JavaThread "Common-Cleaner" daemon [_thread_blocked, id=18320, stack(0x0000005aab700000,0x0000005aab800000)]
  0x000001d6f906c470 JavaThread "Notification Thread" daemon [_thread_blocked, id=13884, stack(0x0000005aab800000,0x0000005aab900000)]
  0x000001d6f97fee70 JavaThread "C2 CompilerThread1" daemon [_thread_blocked, id=22180, stack(0x0000005aabd00000,0x0000005aabe00000)]

Other Threads:
=>0x000001d6f837fea0 VMThread "VM Thread" [stack: 0x0000005aaad00000,0x0000005aaae00000] [id=21812]
  0x000001d6f9097170 WatcherThread [stack: 0x0000005aab900000,0x0000005aaba00000] [id=8728]
  0x000001d6dad0e0a0 GCTaskThread "GC Thread#0" [stack: 0x0000005aaa800000,0x0000005aaa900000] [id=9592]
  0x000001d6f9341f00 GCTaskThread "GC Thread#1" [stack: 0x0000005aaba00000,0x0000005aabb00000] [id=19916]
  0x000001d6f9342210 GCTaskThread "GC Thread#2" [stack: 0x0000005aabb00000,0x0000005aabc00000] [id=13368]
  0x000001d6f9342520 GCTaskThread "GC Thread#3" [stack: 0x0000005aabc00000,0x0000005aabd00000] [id=16188]
  0x000001d6dad1ecb0 ConcurrentGCThread "G1 Main Marker" [stack: 0x0000005aaa900000,0x0000005aaaa00000] [id=19636]
  0x000001d6dad1fe50 ConcurrentGCThread "G1 Conc#0" [stack: 0x0000005aaaa00000,0x0000005aaab00000] [id=4108]
  0x000001d6dad3c7e0 ConcurrentGCThread "G1 Refine#0" [stack: 0x0000005aaab00000,0x0000005aaac00000] [id=20156]
  0x000001d6dad3e180 ConcurrentGCThread "G1 Service" [stack: 0x0000005aaac00000,0x0000005aaad00000] [id=16288]

Threads with active compile tasks:
C2 CompilerThread0     1484 1239   !   4       com.sun.tools.javac.jvm.ClassReader::classSigToType (497 bytes)
C2 CompilerThread1     1484 1365       4       com.sun.tools.javac.util.ListBuffer::append (66 bytes)

VM state: at safepoint (normal execution)

VM Mutex/Monitor currently owned by a thread:  ([mutex/lock_event])
[0x000001d6dacd1be0] Threads_lock - owner thread: 0x000001d6f837fea0
[0x000001d6dacd2210] Heap_lock - owner thread: 0x000001d6dacd4890

Heap address: 0x0000000081e00000, size: 2018 MB, Compressed Oops mode: 32-bit

CDS archive(s) mapped at: [0x0000000800000000-0x0000000800bb0000-0x0000000800bb0000), size 12255232, SharedBaseAddress: 0x0000000800000000, ArchiveRelocationMode: 0.
Compressed class space mapped at: 0x0000000800c00000-0x0000000840c00000, reserved size: 1073741824
Narrow klass base: 0x0000000800000000, Narrow klass shift: 3, Narrow klass range: 0x100000000

GC Precious Log:
 CPUs: 4 total, 4 available
 Memory: 8067M
 Large Page Support: Disabled
 NUMA Support: Disabled
 Compressed Oops: Enabled (32-bit)
 Heap Region Size: 1M
 Heap Min Capacity: 8M
 Heap Initial Capacity: 8M
 Heap Max Capacity: 2018M
 Pre-touch: Disabled
 Parallel Workers: 4
 Concurrent Workers: 1
 Concurrent Refinement Workers: 4
 Periodic GC: Disabled

Heap:
 garbage-first heap   total 16384K, used 7784K [0x0000000081e00000, 0x0000000100000000)
  region size 1024K, 1 young (1024K), 1 survivors (1024K)
 Metaspace       used 9120K, committed 9344K, reserved 1064960K
  class space    used 1036K, committed 1152K, reserved 1048576K

Heap Regions: E=young(eden), S=young(survivor), O=old, HS=humongous(starts), HC=humongous(continues), CS=collection set, F=free, OA=open archive, CA=closed archive, TAMS=top-at-mark-start (previous, next)
|   0|0x0000000081e00000, 0x0000000081f00000, 0x0000000081f00000|100%| O|  |TAMS 0x0000000081e00000, 0x0000000081e00000| Untracked 
|   1|0x0000000081f00000, 0x0000000082000000, 0x0000000082000000|100%| O|  |TAMS 0x0000000081f00000, 0x0000000081f00000| Untracked 
|   2|0x0000000082000000, 0x0000000082100000, 0x0000000082100000|100%| O|  |TAMS 0x0000000082000000, 0x0000000082000000| Untracked 
|   3|0x0000000082100000, 0x0000000082200000, 0x0000000082200000|100%| O|  |TAMS 0x0000000082100000, 0x0000000082100000| Untracked 
|   4|0x0000000082200000, 0x0000000082300000, 0x0000000082300000|100%| O|  |TAMS 0x0000000082200000, 0x0000000082200000| Untracked 
|   5|0x0000000082300000, 0x0000000082400000, 0x0000000082400000|100%| O|  |TAMS 0x0000000082300000, 0x0000000082300000| Untracked 
|   6|0x0000000082400000, 0x00000000824e4a00, 0x0000000082500000| 89%| O|  |TAMS 0x0000000082400000, 0x0000000082400000| Untracked 
|   7|0x0000000082500000, 0x0000000082500000, 0x0000000082600000|  0%| F|  |TAMS 0x0000000082500000, 0x0000000082500000| Untracked 
|   8|0x0000000082600000, 0x0000000082600000, 0x0000000082700000|  0%| F|  |TAMS 0x0000000082600000, 0x0000000082600000| Untracked 
|   9|0x0000000082700000, 0x0000000082700000, 0x0000000082800000|  0%| F|  |TAMS 0x0000000082700000, 0x0000000082700000| Untracked 
|  10|0x0000000082800000, 0x0000000082800000, 0x0000000082900000|  0%| F|  |TAMS 0x0000000082800000, 0x0000000082800000| Untracked 
|  11|0x0000000082900000, 0x0000000082900000, 0x0000000082a00000|  0%| F|  |TAMS 0x0000000082900000, 0x0000000082900000| Untracked 
|  12|0x0000000082a00000, 0x0000000082ab59a0, 0x0000000082b00000| 70%| S|CS|TAMS 0x0000000082a00000, 0x0000000082a00000| Complete 
|  13|0x0000000082b00000, 0x0000000082b00000, 0x0000000082c00000|  0%| F|  |TAMS 0x0000000082b00000, 0x0000000082b00000| Untracked 
|  14|0x0000000082c00000, 0x0000000082c00000, 0x0000000082d00000|  0%| F|  |TAMS 0x0000000082c00000, 0x0000000082c00000| Untracked 
|  15|0x0000000082d00000, 0x0000000082d00000, 0x0000000082e00000|  0%| F|  |TAMS 0x0000000082d00000, 0x0000000082d00000| Untracked 

Card table byte_map: [0x000001d6f1840000,0x000001d6f1c40000] _byte_map_base: 0x000001d6f1431000

Marking Bits (Prev, Next): (CMBitMap*) 0x000001d6dad0e620, (CMBitMap*) 0x000001d6dad0e660
 Prev Bits: [0x000001d6f2040000, 0x000001d6f3fc8000)
 Next Bits: [0x000001d6f3fd0000, 0x000001d6f5f58000)

Polling page: 0x000001d6d8a30000

Metaspace:

Usage:
  Non-class:      7.89 MB used.
      Class:      1.01 MB used.
       Both:      8.91 MB used.

Virtual space:
  Non-class space:       16.00 MB reserved,       8.00 MB ( 50%) committed,  2 nodes.
      Class space:        1.00 GB reserved,       1.13 MB ( <1%) committed,  1 nodes.
              Both:        1.02 GB reserved,       9.13 MB ( <1%) committed. 

Chunk freelists:
   Non-Class:  1.88 MB
       Class:  2.86 MB
        Both:  4.73 MB

MaxMetaspaceSize: 17179869184.00 GB
CompressedClassSpaceSize: 1.00 GB
 - commit_granule_bytes: 65536.
 - commit_granule_words: 8192.
 - virtual_space_node_default_size: 1048576.
 - enlarge_chunks_in_place: 1.
 - new_chunks_are_fully_committed: 0.
 - uncommit_free_chunks: 1.
 - use_allocation_guard: 0.
 - handle_deallocations: 1.


Internal statistics:

num_allocs_failed_limit: 0.
num_arena_births: 76.
num_arena_deaths: 0.
num_vsnodes_births: 3.
num_vsnodes_deaths: 0.
num_space_committed: 146.
num_space_uncommitted: 0.
num_chunks_returned_to_freelist: 0.
num_chunks_taken_from_freelist: 394.
num_chunk_merges: 0.
num_chunk_splits: 272.
num_chunks_enlarged: 205.
num_purges: 0.

CodeHeap 'non-profiled nmethods': size=120000Kb used=470Kb max_used=470Kb free=119529Kb
 bounds [0x000001d6e9f10000, 0x000001d6ea180000, 0x000001d6f1440000]
CodeHeap 'profiled nmethods': size=120000Kb used=2613Kb max_used=2613Kb free=117386Kb
 bounds [0x000001d6e29e0000, 0x000001d6e2c70000, 0x000001d6e9f10000]
CodeHeap 'non-nmethods': size=5760Kb used=1139Kb max_used=1171Kb free=4621Kb
 bounds [0x000001d6e2440000, 0x000001d6e26b0000, 0x000001d6e29e0000]
 total_blobs=1841 nmethods=1423 adapters=330
 compilation: enabled
              stopped_count=0, restarted_count=0
 full_count=0

Compilation events (20 events):
Event: 1.433 Thread 0x000001d6f83ac960 1420       3       com.sun.tools.javac.jvm.ClassReader::attachAnnotations (10 bytes)
Event: 1.433 Thread 0x000001d6f97fee70 nmethod 1390 0x000001d6e9f84c10 code [0x000001d6e9f84dc0, 0x000001d6e9f853b8]
Event: 1.433 Thread 0x000001d6f97fee70 1375       4       com.sun.tools.javac.util.List::iterator (20 bytes)
Event: 1.433 Thread 0x000001d6f83ac960 nmethod 1420 0x000001d6e2c69410 code [0x000001d6e2c695c0, 0x000001d6e2c69778]
Event: 1.434 Thread 0x000001d6f83ac960 1421       3       com.sun.tools.javac.code.Symbol::enclClass (45 bytes)
Event: 1.434 Thread 0x000001d6f83ac960 nmethod 1421 0x000001d6e2c69890 code [0x000001d6e2c69a80, 0x000001d6e2c6a128]
Event: 1.435 Thread 0x000001d6f83ac960 1422       3       com.sun.tools.javac.code.Type$MethodType::asMethodType (2 bytes)
Event: 1.435 Thread 0x000001d6f83ac960 nmethod 1422 0x000001d6e2c6a390 code [0x000001d6e2c6a520, 0x000001d6e2c6a638]
Event: 1.435 Thread 0x000001d6f97fee70 nmethod 1375 0x000001d6e9f85790 code [0x000001d6e9f85920, 0x000001d6e9f85a18]
Event: 1.435 Thread 0x000001d6f97fee70 1365       4       com.sun.tools.javac.util.ListBuffer::append (66 bytes)
Event: 1.435 Thread 0x000001d6f83ac960 1423       3       com.sun.tools.javac.code.Attribute$Compound::<init> (8 bytes)
Event: 1.435 Thread 0x000001d6f83ac960 nmethod 1423 0x000001d6e2c6a710 code [0x000001d6e2c6a8c0, 0x000001d6e2c6abd8]
Event: 1.435 Thread 0x000001d6f83ac960 1425       3       com.sun.tools.javac.jvm.ClassReader$AnnotationDeproxy::deproxyCompound (115 bytes)
Event: 1.437 Thread 0x000001d6f83ac960 nmethod 1425 0x000001d6e2c6ad10 code [0x000001d6e2c6afc0, 0x000001d6e2c6c308]
Event: 1.437 Thread 0x000001d6f83ac960 1424       3       com.sun.tools.javac.code.Attribute$Compound::<init> (21 bytes)
Event: 1.437 Thread 0x000001d6f83ac960 nmethod 1424 0x000001d6e2c6c910 code [0x000001d6e2c6cac0, 0x000001d6e2c6cd98]
Event: 1.437 Thread 0x000001d6f83ac960 1426       3       com.sun.tools.javac.code.Symbol::initedMetadata (24 bytes)
Event: 1.438 Thread 0x000001d6f83ac960 nmethod 1426 0x000001d6e2c6ce90 code [0x000001d6e2c6d040, 0x000001d6e2c6d288]
Event: 1.438 Thread 0x000001d6f83ac960 1427       3       java.lang.Long::numberOfTrailingZeros (26 bytes)
Event: 1.438 Thread 0x000001d6f83ac960 nmethod 1427 0x000001d6e2c6d390 code [0x000001d6e2c6d540, 0x000001d6e2c6d6f8]

GC Heap History (20 events):
Event: 0.547 GC heap after
{Heap after GC invocations=3 (full 0):
 garbage-first heap   total 8192K, used 1964K [0x0000000081e00000, 0x0000000100000000)
  region size 1024K, 1 young (1024K), 1 survivors (1024K)
 Metaspace       used 5872K, committed 6080K, reserved 1064960K
  class space    used 689K, committed 768K, reserved 1048576K
}
Event: 0.669 GC heap before
{Heap before GC invocations=3 (full 0):
 garbage-first heap   total 8192K, used 2988K [0x0000000081e00000, 0x0000000100000000)
  region size 1024K, 2 young (2048K), 1 survivors (1024K)
 Metaspace       used 7495K, committed 7616K, reserved 1064960K
  class space    used 855K, committed 896K, reserved 1048576K
}
Event: 0.673 GC heap after
{Heap after GC invocations=4 (full 0):
 garbage-first heap   total 8192K, used 2258K [0x0000000081e00000, 0x0000000100000000)
  region size 1024K, 1 young (1024K), 1 survivors (1024K)
 Metaspace       used 7495K, committed 7616K, reserved 1064960K
  class space    used 855K, committed 896K, reserved 1048576K
}
Event: 0.733 GC heap before
{Heap before GC invocations=4 (full 0):
 garbage-first heap   total 8192K, used 3282K [0x0000000081e00000, 0x0000000100000000)
  region size 1024K, 2 young (2048K), 1 survivors (1024K)
 Metaspace       used 7769K, committed 7936K, reserved 1064960K
  class space    used 884K, committed 960K, reserved 1048576K
}
Event: 0.736 GC heap after
{Heap after GC invocations=5 (full 0):
 garbage-first heap   total 10240K, used 2498K [0x0000000081e00000, 0x0000000100000000)
  region size 1024K, 1 young (1024K), 1 survivors (1024K)
 Metaspace       used 7769K, committed 7936K, reserved 1064960K
  class space    used 884K, committed 960K, reserved 1048576K
}
Event: 0.866 GC heap before
{Heap before GC invocations=5 (full 0):
 garbage-first heap   total 10240K, used 4546K [0x0000000081e00000, 0x0000000100000000)
  region size 1024K, 3 young (3072K), 1 survivors (1024K)
 Metaspace       used 8070K, committed 8256K, reserved 1064960K
  class space    used 922K, committed 1024K, reserved 1048576K
}
Event: 0.870 GC heap after
{Heap after GC invocations=6 (full 0):
 garbage-first heap   total 10240K, used 3051K [0x0000000081e00000, 0x0000000100000000)
  region size 1024K, 1 young (1024K), 1 survivors (1024K)
 Metaspace       used 8070K, committed 8256K, reserved 1064960K
  class space    used 922K, committed 1024K, reserved 1048576K
}
Event: 0.916 GC heap before
{Heap before GC invocations=6 (full 0):
 garbage-first heap   total 10240K, used 5099K [0x0000000081e00000, 0x0000000100000000)
  region size 1024K, 3 young (3072K), 1 survivors (1024K)
 Metaspace       used 8123K, committed 8320K, reserved 1064960K
  class space    used 922K, committed 1024K, reserved 1048576K
}
Event: 0.922 GC heap after
{Heap after GC invocations=7 (full 0):
 garbage-first heap   total 10240K, used 3389K [0x0000000081e00000, 0x0000000100000000)
  region size 1024K, 1 young (1024K), 1 survivors (1024K)
 Metaspace       used 8123K, committed 8320K, reserved 1064960K
  class space    used 922K, committed 1024K, reserved 1048576K
}
Event: 0.989 GC heap before
{Heap before GC invocations=7 (full 0):
 garbage-first heap   total 10240K, used 5437K [0x0000000081e00000, 0x0000000100000000)
  region size 1024K, 3 young (3072K), 1 survivors (1024K)
 Metaspace       used 8224K, committed 8384K, reserved 1064960K
  class space    used 932K, committed 1024K, reserved 1048576K
}
Event: 0.991 GC heap after
{Heap after GC invocations=8 (full 0):
 garbage-first heap   total 10240K, used 3646K [0x0000000081e00000, 0x0000000100000000)
  region size 1024K, 1 young (1024K), 1 survivors (1024K)
 Metaspace       used 8224K, committed 8384K, reserved 1064960K
  class space    used 932K, committed 1024K, reserved 1048576K
}
Event: 1.049 GC heap before
{Heap before GC invocations=8 (full 0):
 garbage-first heap   total 10240K, used 5694K [0x0000000081e00000, 0x0000000100000000)
  region size 1024K, 3 young (3072K), 1 survivors (1024K)
 Metaspace       used 8317K, committed 8448K, reserved 1064960K
  class space    used 943K, committed 1024K, reserved 1048576K
}
Event: 1.053 GC heap after
{Heap after GC invocations=9 (full 0):
 garbage-first heap   total 16384K, used 3950K [0x0000000081e00000, 0x0000000100000000)
  region size 1024K, 1 young (1024K), 1 survivors (1024K)
 Metaspace       used 8317K, committed 8448K, reserved 1064960K
  class space    used 943K, committed 1024K, reserved 1048576K
}
Event: 1.120 GC heap before
{Heap before GC invocations=9 (full 0):
 garbage-first heap   total 16384K, used 9070K [0x0000000081e00000, 0x0000000100000000)
  region size 1024K, 6 young (6144K), 1 survivors (1024K)
 Metaspace       used 8409K, committed 8640K, reserved 1064960K
  class space    used 949K, committed 1088K, reserved 1048576K
}
Event: 1.126 GC heap after
{Heap after GC invocations=10 (full 0):
 garbage-first heap   total 16384K, used 4826K [0x0000000081e00000, 0x0000000100000000)
  region size 1024K, 1 young (1024K), 1 survivors (1024K)
 Metaspace       used 8409K, committed 8640K, reserved 1064960K
  class space    used 949K, committed 1088K, reserved 1048576K
}
Event: 1.205 GC heap before
{Heap before GC invocations=10 (full 0):
 garbage-first heap   total 16384K, used 7898K [0x0000000081e00000, 0x0000000100000000)
  region size 1024K, 5 young (5120K), 1 survivors (1024K)
 Metaspace       used 8494K, committed 8704K, reserved 1064960K
  class space    used 957K, committed 1088K, reserved 1048576K
}
Event: 1.211 GC heap after
{Heap after GC invocations=11 (full 0):
 garbage-first heap   total 16384K, used 6030K [0x0000000081e00000, 0x0000000100000000)
  region size 1024K, 1 young (1024K), 1 survivors (1024K)
 Metaspace       used 8494K, committed 8704K, reserved 1064960K
  class space    used 957K, committed 1088K, reserved 1048576K
}
Event: 1.299 GC heap before
{Heap before GC invocations=11 (full 0):
 garbage-first heap   total 16384K, used 9102K [0x0000000081e00000, 0x0000000100000000)
  region size 1024K, 5 young (5120K), 1 survivors (1024K)
 Metaspace       used 8614K, committed 8832K, reserved 1064960K
  class space    used 973K, committed 1088K, reserved 1048576K
}
Event: 1.305 GC heap after
{Heap after GC invocations=12 (full 0):
 garbage-first heap   total 16384K, used 7030K [0x0000000081e00000, 0x0000000100000000)
  region size 1024K, 1 young (1024K), 1 survivors (1024K)
 Metaspace       used 8614K, committed 8832K, reserved 1064960K
  class space    used 973K, committed 1088K, reserved 1048576K
}
Event: 1.441 GC heap before
{Heap before GC invocations=12 (full 0):
 garbage-first heap   total 16384K, used 10102K [0x0000000081e00000, 0x0000000100000000)
  region size 1024K, 4 young (4096K), 1 survivors (1024K)
 Metaspace       used 9120K, committed 9344K, reserved 1064960K
  class space    used 1036K, committed 1152K, reserved 1048576K
}

Deoptimization events (20 events):
Event: 1.017 Thread 0x000001d6dacd4890 Uncommon trap: trap_request=0xffffff45 fr.pc=0x000001d6e9f4e180 relative=0x0000000000000060
Event: 1.017 Thread 0x000001d6dacd4890 Uncommon trap: reason=unstable_if action=reinterpret pc=0x000001d6e9f4e180 method=com.sun.tools.javac.jvm.PoolReader.sizeof(I)I @ 1 c2
Event: 1.017 Thread 0x000001d6dacd4890 DEOPT PACKING pc=0x000001d6e9f4e180 sp=0x0000005aaa7fe290
Event: 1.017 Thread 0x000001d6dacd4890 DEOPT UNPACKING pc=0x000001d6e248d72e sp=0x0000005aaa7fe220 mode 2
Event: 1.202 Thread 0x000001d6dacd4890 Uncommon trap: trap_request=0xffffff45 fr.pc=0x000001d6e9f74e38 relative=0x0000000000000118
Event: 1.202 Thread 0x000001d6dacd4890 Uncommon trap: reason=unstable_if action=reinterpret pc=0x000001d6e9f74e38 method=com.sun.tools.javac.code.Scope$ScopeImpl.getIndex(Lcom/sun/tools/javac/util/Name;)I @ 60 c2
Event: 1.202 Thread 0x000001d6dacd4890 DEOPT PACKING pc=0x000001d6e9f74e38 sp=0x0000005aaa7fd9f0
Event: 1.202 Thread 0x000001d6dacd4890 DEOPT UNPACKING pc=0x000001d6e248d72e sp=0x0000005aaa7fd960 mode 2
Event: 1.202 Thread 0x000001d6dacd4890 Uncommon trap: trap_request=0xffffff45 fr.pc=0x000001d6e9f718c8 relative=0x0000000000000a08
Event: 1.202 Thread 0x000001d6dacd4890 Uncommon trap: reason=unstable_if action=reinterpret pc=0x000001d6e9f718c8 method=com.sun.tools.javac.util.ArrayUtils.ensureCapacity([BI)[B @ 3 c2
Event: 1.202 Thread 0x000001d6dacd4890 DEOPT PACKING pc=0x000001d6e9f718c8 sp=0x0000005aaa7fdc90
Event: 1.203 Thread 0x000001d6dacd4890 DEOPT UNPACKING pc=0x000001d6e248d72e sp=0x0000005aaa7fdbb8 mode 2
Event: 1.233 Thread 0x000001d6dacd4890 Uncommon trap: trap_request=0xffffff45 fr.pc=0x000001d6e9f423a0 relative=0x0000000000000100
Event: 1.233 Thread 0x000001d6dacd4890 Uncommon trap: reason=unstable_if action=reinterpret pc=0x000001d6e9f423a0 method=com.sun.tools.javac.parser.UnicodeReader.isASCII()Z @ 6 c2
Event: 1.233 Thread 0x000001d6dacd4890 DEOPT PACKING pc=0x000001d6e9f423a0 sp=0x0000005aaa7fcee0
Event: 1.233 Thread 0x000001d6dacd4890 DEOPT UNPACKING pc=0x000001d6e248d72e sp=0x0000005aaa7fce10 mode 2
Event: 1.233 Thread 0x000001d6dacd4890 Uncommon trap: trap_request=0xffffff3d fr.pc=0x000001d6e9f721b0 relative=0x0000000000000210
Event: 1.233 Thread 0x000001d6dacd4890 Uncommon trap: reason=unstable_fused_if action=reinterpret pc=0x000001d6e9f721b0 method=com.sun.tools.javac.util.Convert.chars2utf([CI[BII)I @ 28 c2
Event: 1.233 Thread 0x000001d6dacd4890 DEOPT PACKING pc=0x000001d6e9f721b0 sp=0x0000005aaa7fce00
Event: 1.233 Thread 0x000001d6dacd4890 DEOPT UNPACKING pc=0x000001d6e248d72e sp=0x0000005aaa7fcd60 mode 2

Classes unloaded (0 events):
No events

Classes redefined (0 events):
No events

Internal exceptions (20 events):
Event: 0.737 Thread 0x000001d6dacd4890 Exception <a 'java/lang/NoSuchMethodError'{0x00000000827043e0}: 'java.lang.Object java.lang.invoke.DirectMethodHandle$Holder.invokeSpecial(java.lang.Object, java.lang.Object, java.lang.Object, int, int)'> (0x00000000827043e0) 
thrown [t:\workspace\open\src\hotspot\share\interpreter\linkResolver.cpp, line 790]
Event: 0.808 Thread 0x000001d6dacd4890 Exception <a 'java/lang/NoSuchMethodError'{0x0000000082647358}: 'void java.lang.invoke.DirectMethodHandle$Holder.invokeStatic(java.lang.Object, java.lang.Object)'> (0x0000000082647358) 
thrown [t:\workspace\open\src\hotspot\share\interpreter\linkResolver.cpp, line 790]
Event: 0.812 Thread 0x000001d6dacd4890 Exception <a 'sun/nio/fs/WindowsException'{0x0000000082651ab0}> (0x0000000082651ab0) 
thrown [t:\workspace\open\src\hotspot\share\prims\jni.cpp, line 579]
Event: 0.839 Thread 0x000001d6dacd4890 Exception <a 'sun/nio/fs/WindowsException'{0x0000000082677128}> (0x0000000082677128) 
thrown [t:\workspace\open\src\hotspot\share\prims\jni.cpp, line 579]
Event: 0.961 Thread 0x000001d6dacd4890 Exception <a 'java/lang/NoSuchMethodError'{0x000000008279c0c8}: 'int java.lang.invoke.DirectMethodHandle$Holder.invokeSpecial(java.lang.Object, java.lang.Object, java.lang.Object)'> (0x000000008279c0c8) 
thrown [t:\workspace\open\src\hotspot\share\interpreter\linkResolver.cpp, line 790]
Event: 0.965 Thread 0x000001d6dacd4890 Exception <a 'sun/nio/fs/WindowsException'{0x00000000827a7658}> (0x00000000827a7658) 
thrown [t:\workspace\open\src\hotspot\share\prims\jni.cpp, line 579]
Event: 0.965 Thread 0x000001d6dacd4890 Exception <a 'sun/nio/fs/WindowsException'{0x00000000827a7978}> (0x00000000827a7978) 
thrown [t:\workspace\open\src\hotspot\share\prims\jni.cpp, line 579]
Event: 0.966 Thread 0x000001d6dacd4890 Exception <a 'sun/nio/fs/WindowsException'{0x00000000827a89b0}> (0x00000000827a89b0) 
thrown [t:\workspace\open\src\hotspot\share\prims\jni.cpp, line 579]
Event: 0.966 Thread 0x000001d6dacd4890 Exception <a 'sun/nio/fs/WindowsException'{0x00000000827a8c90}> (0x00000000827a8c90) 
thrown [t:\workspace\open\src\hotspot\share\prims\jni.cpp, line 579]
Event: 1.018 Thread 0x000001d6dacd4890 Exception <a 'java/lang/NoSuchMethodError'{0x000000008269e080}: 'java.lang.Object java.lang.invoke.DirectMethodHandle$Holder.invokeStatic(java.lang.Object, java.lang.Object, int, int)'> (0x000000008269e080) 
thrown [t:\workspace\open\src\hotspot\share\interpreter\linkResolver.cpp, line 790]
Event: 1.089 Thread 0x000001d6dacd4890 Exception <a 'sun/nio/fs/WindowsException'{0x0000000082c965c8}> (0x0000000082c965c8) 
thrown [t:\workspace\open\src\hotspot\share\prims\jni.cpp, line 579]
Event: 1.089 Thread 0x000001d6dacd4890 Exception <a 'sun/nio/fs/WindowsException'{0x0000000082c968e8}> (0x0000000082c968e8) 
thrown [t:\workspace\open\src\hotspot\share\prims\jni.cpp, line 579]
Event: 1.089 Thread 0x000001d6dacd4890 Exception <a 'sun/nio/fs/WindowsException'{0x0000000082c97920}> (0x0000000082c97920) 
thrown [t:\workspace\open\src\hotspot\share\prims\jni.cpp, line 579]
Event: 1.089 Thread 0x000001d6dacd4890 Exception <a 'sun/nio/fs/WindowsException'{0x0000000082c97ec8}> (0x0000000082c97ec8) 
thrown [t:\workspace\open\src\hotspot\share\prims\jni.cpp, line 579]
Event: 1.090 Thread 0x000001d6dacd4890 Exception <a 'sun/nio/fs/WindowsException'{0x0000000082c998e8}> (0x0000000082c998e8) 
thrown [t:\workspace\open\src\hotspot\share\prims\jni.cpp, line 579]
Event: 1.091 Thread 0x000001d6dacd4890 Exception <a 'sun/nio/fs/WindowsException'{0x0000000082c99c30}> (0x0000000082c99c30) 
thrown [t:\workspace\open\src\hotspot\share\prims\jni.cpp, line 579]
Event: 1.091 Thread 0x000001d6dacd4890 Exception <a 'sun/nio/fs/WindowsException'{0x0000000082c9acd8}> (0x0000000082c9acd8) 
thrown [t:\workspace\open\src\hotspot\share\prims\jni.cpp, line 579]
Event: 1.091 Thread 0x000001d6dacd4890 Exception <a 'sun/nio/fs/WindowsException'{0x0000000082c9afd8}> (0x0000000082c9afd8) 
thrown [t:\workspace\open\src\hotspot\share\prims\jni.cpp, line 579]
Event: 1.165 Thread 0x000001d6dacd4890 Exception <a 'java/lang/NoSuchMethodError'{0x0000000082b63ea8}: 'java.lang.Object java.lang.invoke.DirectMethodHandle$Holder.invokeInterface(java.lang.Object, java.lang.Object)'> (0x0000000082b63ea8) 
thrown [t:\workspace\open\src\hotspot\share\interpreter\linkResolver.cpp, line 790]
Event: 1.263 Thread 0x000001d6dacd4890 Exception <a 'java/lang/NoSuchMethodError'{0x0000000082b4b3a8}: 'void java.lang.invoke.DirectMethodHandle$Holder.invokeSpecial(java.lang.Object, java.lang.Object, java.lang.Object, java.lang.Object, java.lang.Object)'> (0x0000000082b4b3a8) 
thrown [t:\workspace\open\src\hotspot\share\interpreter\linkResolver.cpp, line 790]

Events (20 events):
Event: 1.351 loading class java/util/stream/Node$OfInt
Event: 1.352 loading class java/util/stream/Node$OfPrimitive
Event: 1.352 loading class java/util/stream/Node$OfPrimitive done
Event: 1.352 loading class java/util/stream/Node$OfInt done
Event: 1.352 loading class java/util/stream/Nodes$EmptyNode$OfInt done
Event: 1.352 loading class java/util/stream/Nodes$EmptyNode$OfLong
Event: 1.352 loading class java/util/stream/Node$OfLong
Event: 1.352 loading class java/util/stream/Node$OfLong done
Event: 1.352 loading class java/util/stream/Nodes$EmptyNode$OfLong done
Event: 1.353 loading class java/util/stream/Nodes$EmptyNode$OfDouble
Event: 1.353 loading class java/util/stream/Node$OfDouble
Event: 1.353 loading class java/util/stream/Node$OfDouble done
Event: 1.353 loading class java/util/stream/Nodes$EmptyNode$OfDouble done
Event: 1.353 loading class java/util/stream/Nodes$FixedNodeBuilder
Event: 1.353 loading class java/util/stream/Node$Builder
Event: 1.353 loading class java/util/stream/Node$Builder done
Event: 1.353 loading class java/util/stream/Nodes$ArrayNode
Event: 1.353 loading class java/util/stream/Nodes$ArrayNode done
Event: 1.353 loading class java/util/stream/Nodes$FixedNodeBuilder done
Event: 1.441 Executing  VM operation: G1CollectForAllocation


Dynamic libraries:
0x00007ff74d860000 - 0x00007ff74d868000 	C:\Program Files\Java\jdk-16.0.1\bin\javac.exe
0x00007ffa35380000 - 0x00007ffa35570000 	C:\Windows\SYSTEM32\ntdll.dll
0x00007ffa34390000 - 0x00007ffa34442000 	C:\Windows\System32\KERNEL32.DLL
0x00007ffa32300000 - 0x00007ffa325a4000 	C:\Windows\System32\KERNELBASE.dll
0x00007ffa325b0000 - 0x00007ffa326aa000 	C:\Windows\System32\ucrtbase.dll
0x00007ffa20740000 - 0x00007ffa20759000 	C:\Program Files\Java\jdk-16.0.1\bin\VCRUNTIME140.dll
0x00007ffa2e590000 - 0x00007ffa2e5a8000 	C:\Program Files\Java\jdk-16.0.1\bin\jli.dll
0x00007ffa33be0000 - 0x00007ffa33c83000 	C:\Windows\System32\ADVAPI32.dll
0x00007ffa34c20000 - 0x00007ffa34cbe000 	C:\Windows\System32\msvcrt.dll
0x00007ffa33430000 - 0x00007ffa334c7000 	C:\Windows\System32\sechost.dll
0x00007ffa34450000 - 0x00007ffa34570000 	C:\Windows\System32\RPCRT4.dll
0x00007ffa348b0000 - 0x00007ffa34a44000 	C:\Windows\System32\USER32.dll
0x00007ffa22f70000 - 0x00007ffa231f4000 	C:\Windows\WinSxS\amd64_microsoft.windows.common-controls_6595b64144ccf1df_6.0.18362.959_none_e6c7bbbf130c62bb\COMCTL32.dll
0x00007ffa32820000 - 0x00007ffa32841000 	C:\Windows\System32\win32u.dll
0x00007ffa351b0000 - 0x00007ffa351d6000 	C:\Windows\System32\GDI32.dll
0x00007ffa34570000 - 0x00007ffa348a5000 	C:\Windows\System32\combase.dll
0x00007ffa33180000 - 0x00007ffa33316000 	C:\Windows\System32\gdi32full.dll
0x00007ffa326b0000 - 0x00007ffa32730000 	C:\Windows\System32\bcryptPrimitives.dll
0x00007ffa32780000 - 0x00007ffa3281e000 	C:\Windows\System32\msvcp_win.dll
0x00007ffa22890000 - 0x00007ffa2289a000 	C:\Windows\SYSTEM32\VERSION.dll
0x00007ffa33ec0000 - 0x00007ffa33eee000 	C:\Windows\System32\IMM32.DLL
0x00007ffa21130000 - 0x00007ffa2113c000 	C:\Program Files\Java\jdk-16.0.1\bin\vcruntime140_1.dll
0x00007ff9f3120000 - 0x00007ff9f31b1000 	C:\Program Files\Java\jdk-16.0.1\bin\msvcp140.dll
0x00007ff9c1c90000 - 0x00007ff9c283b000 	C:\Program Files\Java\jdk-16.0.1\bin\server\jvm.dll
0x00007ffa334e0000 - 0x00007ffa334e8000 	C:\Windows\System32\PSAPI.DLL
0x00007ffa2fb40000 - 0x00007ffa2fb64000 	C:\Windows\SYSTEM32\WINMM.dll
0x00007ffa21910000 - 0x00007ffa21919000 	C:\Windows\SYSTEM32\WSOCK32.dll
0x00007ffa34320000 - 0x00007ffa3438f000 	C:\Windows\System32\WS2_32.dll
0x00007ffa2fb10000 - 0x00007ffa2fb3d000 	C:\Windows\SYSTEM32\WINMMBASE.dll
0x00007ffa32730000 - 0x00007ffa3277a000 	C:\Windows\System32\cfgmgr32.dll
0x00007ffa32240000 - 0x00007ffa32251000 	C:\Windows\System32\kernel.appcore.dll
0x00007ffa20710000 - 0x00007ffa2071a000 	C:\Program Files\Java\jdk-16.0.1\bin\jimage.dll
0x00007ffa307b0000 - 0x00007ffa309a4000 	C:\Windows\SYSTEM32\DBGHELP.DLL
0x00007ffa1cc70000 - 0x00007ffa1cc9a000 	C:\Windows\SYSTEM32\dbgcore.DLL
0x00007ffa1c560000 - 0x00007ffa1c585000 	C:\Program Files\Java\jdk-16.0.1\bin\java.dll
0x00007ffa334f0000 - 0x00007ffa33bd6000 	C:\Windows\System32\SHELL32.dll
0x00007ffa33d40000 - 0x00007ffa33de9000 	C:\Windows\System32\shcore.dll
0x00007ffa32850000 - 0x00007ffa32fd2000 	C:\Windows\System32\windows.storage.dll
0x00007ffa322b0000 - 0x00007ffa322d3000 	C:\Windows\System32\profapi.dll
0x00007ffa32260000 - 0x00007ffa322aa000 	C:\Windows\System32\powrprof.dll
0x00007ffa32230000 - 0x00007ffa32240000 	C:\Windows\System32\UMPDC.dll
0x00007ffa341f0000 - 0x00007ffa34242000 	C:\Windows\System32\shlwapi.dll
0x00007ffa33160000 - 0x00007ffa33177000 	C:\Windows\System32\cryptsp.dll
0x00007ffa1eb70000 - 0x00007ffa1eb89000 	C:\Program Files\Java\jdk-16.0.1\bin\net.dll
0x00007ffa23db0000 - 0x00007ffa23ea0000 	C:\Windows\SYSTEM32\WINHTTP.dll
0x00007ffa31a40000 - 0x00007ffa31aa7000 	C:\Windows\system32\mswsock.dll
0x00007ffa1c480000 - 0x00007ffa1c493000 	C:\Program Files\Java\jdk-16.0.1\bin\nio.dll

dbghelp: loaded successfully - version: 4.0.5 - missing functions: none
symbol engine: initialized successfully - sym options: 0x614 - pdb path: .;C:\Program Files\Java\jdk-16.0.1\bin;C:\Windows\SYSTEM32;C:\Windows\WinSxS\amd64_microsoft.windows.common-controls_6595b64144ccf1df_6.0.18362.959_none_e6c7bbbf130c62bb;C:\Program Files\Java\jdk-16.0.1\bin\server

VM Arguments:
jvm_args: -Dapplication.home=C:\Program Files\Java\jdk-16.0.1 --add-modules=ALL-DEFAULT -Xms8m -Djdk.module.main=jdk.compiler 
java_command: jdk.compiler/com.sun.tools.javac.Main -d C:\Users\Hewlett Packard\Documents\NetBeansProjects\Proyecto-2\build\classes -classpath C:\Users\Hewlett Packard\Documents\NetBeansProjects\Proyecto-2\build\classes -sourcepath C:\Users\Hewlett Packard\Documents\NetBeansProjects\Proyecto-2\src -target 16 -encoding UTF-8 -g -processorpath C:\Users\Hewlett Packard\Documents\NetBeansProjects\Proyecto-2\build\empty -s C:\Users\Hewlett Packard\Documents\NetBeansProjects\Proyecto-2\build\generated-sources\ap-source-output -source 16 C:\Users\Hewlett Packard\Documents\NetBeansProjects\Proyecto-2\src\FrmInicio.java
java_class_path (initial): <not set>
Launcher Type: SUN_STANDARD

[Global flags]
     intx CICompilerCount                          = 3                                         {product} {ergonomic}
     uint ConcGCThreads                            = 1                                         {product} {ergonomic}
     uint G1ConcRefinementThreads                  = 4                                         {product} {ergonomic}
   size_t G1HeapRegionSize                         = 1048576                                   {product} {ergonomic}
    uintx GCDrainStackTargetSize                   = 64                                        {product} {ergonomic}
   size_t InitialHeapSize                          = 8388608                                   {product} {command line}
   size_t MarkStackSize                            = 4194304                                   {product} {ergonomic}
   size_t MaxHeapSize                              = 2116026368                                {product} {ergonomic}
   size_t MaxNewSize                               = 1268776960                                {product} {ergonomic}
   size_t MinHeapDeltaBytes                        = 1048576                                   {product} {ergonomic}
   size_t MinHeapSize                              = 8388608                                   {product} {command line}
    uintx NonNMethodCodeHeapSize                   = 5832780                                {pd product} {ergonomic}
    uintx NonProfiledCodeHeapSize                  = 122912730                              {pd product} {ergonomic}
    uintx ProfiledCodeHeapSize                     = 122912730                              {pd product} {ergonomic}
    uintx ReservedCodeCacheSize                    = 251658240                              {pd product} {ergonomic}
     bool SegmentedCodeCache                       = true                                      {product} {ergonomic}
   size_t SoftMaxHeapSize                          = 2116026368                             {manageable} {ergonomic}
     bool UseCompressedClassPointers               = true                           {product lp64_product} {ergonomic}
     bool UseCompressedOops                        = true                           {product lp64_product} {ergonomic}
     bool UseG1GC                                  = true                                      {product} {ergonomic}
     bool UseLargePagesIndividualAllocation        = false                                  {pd product} {ergonomic}

Logging:
Log output configuration:
 #0: stdout all=warning uptime,level,tags
 #1: stderr all=off uptime,level,tags

Environment Variables:
PATH=C:\Program Files\Common Files\Oracle\Java\javapath;C:\Windows\system32;C:\Windows;C:\Windows\System32\Wbem;C:\Windows\System32\WindowsPowerShell\v1.0\;C:\Windows\System32\OpenSSH\;C:\Go\bin;C:\Users\Hewlett Packard\AppData\Local\Microsoft\WindowsApps;;C:\Program Files\JetBrains\GoLand 2020.3.2\bin;;C:\Users\Hewlett Packard\go\bin
USERNAME=Hewlett Packard
OS=Windows_NT
PROCESSOR_IDENTIFIER=Intel64 Family 6 Model 61 Stepping 4, GenuineIntel



---------------  S Y S T E M  ---------------

OS:
 Windows 10 , 64 bit Build 18362 (10.0.18362.959)
OS uptime: 30 days 4:22 hours

CPU: total 4 (initial active 4) (2 cores per cpu, 2 threads per core) family 6 model 61 stepping 4 microcode 0x2d, cx8, cmov, fxsr, ht, mmx, 3dnowpref, sse, sse2, sse3, ssse3, sse4.1, sse4.2, popcnt, lzcnt, tsc, tscinvbit, avx, avx2, aes, erms, clmul, bmi1, bmi2, adx, fma, vzeroupper, clflush

Memory: 4k page, system-wide physical 8067M (1463M free)
TotalPageFile size 16259M (AvailPageFile size 9M)
current process WorkingSet (physical memory assigned to process): 82M, peak: 82M
current process commit charge ("private bytes"): 111M, peak: 125M

vm_info: Java HotSpot(TM) 64-Bit Server VM (16.0.1+9-24) for windows-amd64 JRE (16.0.1+9-24), built on Mar 26 2021 19:31:42 by "mach5one" with MS VC++ 16.7 (VS2019)

END.
